4265
188 249 199 249
188 248 199 248
176 249 187 249
176 248 187 248
164 249 175 249
164 248 175 248
152 249 163 249
152 248 163 248
140 249 151 249
140 248 151 248
128 249 139 249
128 248 139 248
122 248 127 249
113 249 121 249
113 248 121 248
107 248 112 249
95 249 106 249
95 248 106 248
89 248 94 249
77 249 88 249
77 248 88 248
65 249 76 249
65 248 76 248
53 249 64 249
53 248 64 248
47 248 52 249
35 249 46 249
35 248 46 248
23 249 34 249
23 248 34 248
11 249 22 249
11 248 22 248
0 249 10 249
0 248 10 248
190 247 199 247
181 247 189 247
169 247 180 247
157 247 168 247
145 247 156 247
133 247 144 247
121 247 132 247
109 247 120 247
97 247 108 247
85 247 96 247
73 247 84 247
61 247 72 247
51 247 60 247
39 247 50 247
27 247 38 247
17 247 26 247
8 247 16 247
0 247 7 247
188 246 199 246
176 246 187 246
164 246 175 246
152 246 163 246
143 246 151 246
135 246 142 246
123 246 134 246
111 246 122 246
99 246 110 246
87 246 98 246
75 246 86 246
63 246 74 246
51 246 62 246
39 246 50 246
29 246 38 246
20 246 28 246
10 246 19 246
0 246 9 246
190 245 199 245
178 245 189 245
166 245 177 245
156 245 165 245
144 245 155 245
132 245 143 245
120 245 131 245
108 245 119 245
96 245 107 245
84 245 95 245
72 245 83 245
61 245 71 245
49 245 60 245
37 245 48 245
27 245 36 245
19 245 26 245
10 245 18 245
0 245 9 245
196 242 199 244
192 242 195 244
188 242 191 244
184 242 187 244
180 242 183 244
174 242 179 243
168 242 173 243
168 244 179 244
156 242 167 242
156 244 167 244
156 243 167 243
152 242 155 244
148 242 151 244
144 242 147 244
132 242 143 242
132 244 143 244
132 243 143 243
126 242 131 243
120 242 125 243
120 244 131 244
114 242 119 243
108 242 113 243
108 244 119 244
104 242 107 244
100 242 103 244
88 242 99 242
88 244 99 244
88 243 99 243
82 242 87 243
76 242 81 243
76 244 87 244
72 242 75 244
60 242 71 242
60 244 71 244
60 243 71 243
54 242 59 243
48 242 53 243
48 244 59 244
42 242 47 243
36 242 41 243
36 244 47 244
32 242 35 244
26 242 31 243
20 244 31 244
20 242 25 243
16 242 19 244
4 242 15 242
4 244 15 244
4 243 15 243
0 242 3 244
191 241 199 241
179 241 190 241
167 241 178 241
155 241 166 241
143 241 154 241
131 241 142 241
119 241 130 241
109 241 118 241
100 241 108 241
90 241 99 241
78 241 89 241
66 241 77 241
54 241 65 241
43 241 53 241
31 241 42 241
23 241 30 241
12 241 22 241
0 241 11 241
194 238 199 239
188 240 199 240
188 237 199 237
182 239 193 239
182 238 193 238
176 237 187 237
176 238 181 239
176 240 187 240
164 239 175 239
164 237 175 237
164 240 175 240
164 238 175 238
160 238 163 240
156 238 159 240
152 238 155 240
152 237 163 237
146 239 151 240
146 237 151 238
143 237 145 240
139 237 142 239
135 237 138 239
133 240 142 240
123 237 134 237
123 239 134 239
123 238 134 238
121 240 132 240
111 237 122 237
111 239 122 239
111 238 122 238
109 240 120 240
105 237 110 238
99 239 110 239
99 237 104 238
97 240 108 240
93 237 98 238
87 237 92 238
87 239 98 239
87 240 96 240
81 239 86 240
81 237 86 238
78 237 80 240
75 237 77 240
69 239 74 240
69 237 74 238
66 237 68 240
62 237 65 239
58 237 61 239
54 240 65 240
52 237 57 238
46 239 57 239
42 240 53 240
40 238 51 238
40 237 51 237
34 239 45 239
34 237 39 238
30 237 33 239
30 240 41 240
18 239 29 239
18 237 29 237
18 240 29 240
18 238 29 238
12 239 17 240
12 237 17 238
0 239 11 239
0 237 11 237
0 240 11 240
0 238 11 238
188 234 199 234
188 236 199 236
188 235 199 235
184 234 187 236
180 234 183 236
174 234 179 235
168 234 173 235
168 236 179 236
164 234 167 236
158 234 163 235
152 234 157 235
152 236 163 236
148 234 151 236
136 234 147 234
136 236 147 236
136 235 147 235
132 234 135 236
128 234 131 236
124 234 127 236
118 234 123 235
112 236 123 236
112 234 117 235
108 234 111 236
102 234 107 235
96 234 101 235
96 236 107 236
92 234 95 236
88 234 91 236
82 234 87 235
79 236 87 236
77 234 81 235
67 236 78 236
67 235 76 235
67 234 76 234
63 234 66 236
59 234 62 236
53 234 58 235
47 236 58 236
41 235 52 235
41 234 52 234
38 236 46 236
35 234 40 235
26 236 37 236
23 235 34 235
23 234 34 234
17 234 22 235
14 236 25 236
13 234 16 235
3 236 13 236
3 234 12 234
3 235 12 235
0 234 2 236
188 233 199 233
177 233 187 233
165 233 176 233
156 233 164 233
146 233 155 233
134 233 145 233
122 233 133 233
110 233 121 233
98 233 109 233
86 233 97 233
74 233 85 233
62 233 73 233
50 233 61 233
42 233 49 233
32 233 41 233
20 233 31 233
11 233 19 233
0 233 10 233
197 229 199 232
191 231 196 232
191 229 196 230
179 231 190 231
179 229 190 229
179 232 190 232
179 230 190 230
167 231 178 231
167 229 178 229
167 232 178 232
167 230 178 230
155 231 166 231
155 229 166 229
155 232 166 232
155 230 166 230
149 231 154 232
149 229 154 230
145 229 148 231
141 229 144 231
137 229 140 231
137 232 148 232
131 231 136 232
131 229 136 230
127 230 130 232
122 231 126 232
119 229 130 229
117 230 126 230
110 232 121 232
110 231 121 231
107 229 118 229
107 230 116 230
104 231 109 232
101 229 106 230
92 232 103 232
92 231 103 231
89 230 100 230
89 229 100 229
80 232 91 232
80 231 91 231
77 230 88 230
77 229 88 229
68 232 79 232
68 231 79 231
65 230 76 230
65 229 76 229
62 231 67 232
53 230 64 230
53 229 64 229
50 232 61 232
50 231 61 231
41 230 52 230
41 229 52 229
38 232 49 232
38 231 49 231
35 229 40 230
32 231 37 232
23 230 34 230
23 229 34 229
20 232 31 232
20 231 31 231
13 230 22 230
11 229 22 229
9 232 19 232
9 231 19 231
4 231 8 232
4 230 12 230
0 230 3 232
0 229 10 229
194 226 199 227
188 225 199 225
188 228 199 228
188 226 193 227
185 225 187 228
179 227 184 228
179 225 184 226
167 227 178 227
167 225 178 225
167 228 178 228
167 226 178 226
155 227 166 227
155 225 166 225
155 228 166 228
155 226 166 226
151 226 154 228
147 226 150 228
143 226 146 228
143 225 154 225
131 227 142 227
131 225 142 225
131 228 142 228
131 226 142 226
119 227 130 227
119 225 130 225
119 228 130 228
119 226 130 226
107 227 118 227
107 225 118 225
107 228 118 228
107 226 118 226
95 227 106 227
95 225 106 225
95 228 106 228
95 226 106 226
83 227 94 227
83 225 94 225
83 228 94 228
83 226 94 226
71 227 82 227
71 225 82 225
71 228 82 228
71 226 82 226
68 225 70 228
65 225 67 228
61 226 64 228
57 226 60 228
53 226 56 228
53 225 64 225
41 227 52 227
41 225 52 225
41 228 52 228
41 226 52 226
35 227 40 228
35 225 40 226
23 227 34 227
23 225 34 225
23 228 34 228
23 226 34 226
18 227 22 228
17 225 22 226
12 227 17 228
12 225 16 226
0 227 11 227
0 225 11 225
0 228 11 228
0 226 11 226
188 224 199 224
176 224 187 224
164 224 175 224
152 224 163 224
140 224 151 224
128 224 139 224
117 224 127 224
106 224 116 224
94 224 105 224
82 224 93 224
70 224 81 224
58 224 69 224
46 224 57 224
34 224 45 224
22 224 33 224
10 224 21 224
0 224 9 224
194 222 199 223
188 222 193 223
176 223 187 223
176 222 187 222
170 222 175 223
158 223 169 223
158 222 169 222
152 222 157 223
142 222 151 222
140 223 151 223
130 222 141 222
128 223 139 223
118 222 129 222
116 223 127 223
106 222 117 222
104 223 115 223
94 222 105 222
92 223 103 223
82 222 93 222
80 223 91 223
70 222 81 222
68 223 79 223
58 222 69 222
56 223 67 223
47 222 57 222
47 223 55 223
42 222 46 223
30 223 41 223
30 222 41 222
24 222 29 223
12 223 23 223
12 222 23 222
0 223 11 223
0 222 11 222
188 221 199 221
176 221 187 221
164 221 175 221
152 221 163 221
140 221 151 221
128 221 139 221
116 221 127 221
107 221 115 221
96 221 106 221
88 221 95 221
76 221 87 221
64 221 75 221
52 221 63 221
40 221 51 221
28 221 39 221
19 221 27 221
9 221 18 221
0 221 8 221
188 220 199 220
176 220 187 220
164 220 175 220
152 220 163 220
140 220 151 220
130 220 139 220
118 220 129 220
106 220 117 220
94 220 105 220
82 220 93 220
70 220 81 220
58 220 69 220
46 220 57 220
37 220 45 220
29 220 36 220
20 220 28 220
8 220 19 220
0 220 7 220
188 219 199 219
176 219 187 219
164 219 175 219
152 219 163 219
140 219 151 219
128 219 139 219
117 219 127 219
105 219 116 219
93 219 104 219
81 219 92 219
69 219 80 219
57 219 68 219
45 219 56 219
33 219 44 219
21 219 32 219
11 219 20 219
0 219 10 219
196 216 199 218
190 217 195 218
184 216 195 216
178 218 189 218
178 217 189 217
172 217 177 218
172 216 183 216
160 216 171 216
160 218 171 218
160 217 171 217
154 216 159 217
148 216 153 217
148 218 159 218
142 216 147 217
136 216 141 217
136 218 147 218
132 216 135 218
126 216 131 217
120 216 125 217
120 218 131 218
108 216 119 216
108 218 119 218
108 217 119 217
102 216 107 217
97 218 107 218
90 217 101 217
90 216 101 216
85 218 96 218
78 217 89 217
78 216 89 216
73 218 84 218
72 216 77 217
66 216 71 217
61 218 72 218
61 216 65 217
55 217 60 218
49 217 54 218
49 216 60 216
45 216 48 218
33 216 44 216
33 218 44 218
33 217 44 217
29 216 32 218
25 216 28 218
21 216 24 218
15 217 20 218
11 216 20 216
5 218 14 218
5 217 14 217
0 216 10 216
0 217 4 218
188 215 199 215
176 215 187 215
164 215 175 215
152 215 163 215
140 215 151 215
128 215 139 215
116 215 127 215
104 215 115 215
92 215 103 215
80 215 91 215
68 215 79 215
56 215 67 215
45 215 55 215
35 215 44 215
23 215 34 215
11 215 22 215
0 215 10 215
188 214 199 214
176 214 187 214
164 214 175 214
152 214 163 214
140 214 151 214
128 214 139 214
118 214 127 214
106 214 117 214
94 214 105 214
82 214 93 214
70 214 81 214
58 214 69 214
46 214 57 214
35 214 45 214
23 214 34 214
11 214 22 214
0 214 10 214
188 213 199 213
176 213 187 213
164 213 175 213
152 213 163 213
140 213 151 213
129 213 139 213
120 213 128 213
108 213 119 213
96 213 107 213
84 213 95 213
72 213 83 213
60 213 71 213
48 213 59 213
36 213 47 213
24 213 35 213
12 213 23 213
0 213 11 213
194 211 199 212
188 210 199 210
182 212 193 212
182 211 193 211
176 210 187 210
170 212 181 212
170 211 181 211
164 211 169 212
164 210 175 210
158 211 163 212
152 211 157 212
152 210 163 210
148 210 151 212
142 210 147 211
136 210 141 211
136 212 147 212
132 210 135 212
128 210 131 212
122 210 127 211
116 210 121 211
116 212 127 212
112 210 115 212
108 210 111 212
102 210 107 211
96 212 107 212
90 211 101 211
90 210 101 210
84 212 95 212
84 210 89 211
72 210 83 210
72 212 83 212
72 211 83 211
66 210 71 211
60 210 65 211
60 212 71 212
56 210 59 212
50 210 55 211
45 212 55 212
38 211 49 211
38 210 49 210
33 212 44 212
26 211 37 211
26 210 37 210
21 212 32 212
14 211 25 211
14 210 25 210
9 212 20 212
9 210 13 211
5 210 8 211
0 210 4 211
0 212 8 212
188 209 199 209
176 209 187 209
164 209 175 209
152 209 163 209
140 209 151 209
128 209 139 209
116 209 127 209
106 209 115 209
98 209 105 209
87 209 97 209
78 209 86 209
66 209 77 209
54 209 65 209
42 209 53 209
31 209 41 209
19 209 30 209
11 209 18 209
0 209 10 209
188 208 199 208
188 207 199 207
176 208 187 208
176 207 187 207
170 207 175 208
158 208 169 208
158 207 169 207
146 208 157 208
146 207 157 207
134 208 145 208
134 207 145 207
122 208 133 208
122 207 133 207
110 208 121 208
110 207 121 207
98 208 109 208
98 207 109 207
92 207 97 208
80 208 91 208
80 207 91 207
68 208 79 208
68 207 79 207
62 207 67 208
50 208 61 208
50 207 61 207
44 207 49 208
32 208 43 208
32 207 43 207
20 208 31 208
20 207 31 207
9 208 19 208
8 207 19 207
0 208 8 208
0 207 7 207
188 206 199 206
176 206 187 206
164 206 175 206
152 206 163 206
140 206 151 206
128 206 139 206
116 206 127 206
104 206 115 206
92 206 103 206
80 206 91 206
68 206 79 206
56 206 67 206
44 206 55 206
32 206 43 206
20 206 31 206
8 206 19 206
0 206 7 206
188 205 199 205
176 205 187 205
164 205 175 205
152 205 163 205
140 205 151 205
128 205 139 205
116 205 127 205
104 205 115 205
94 205 103 205
82 205 93 205
70 205 81 205
59 205 69 205
48 205 58 205
39 205 47 205
28 205 38 205
16 205 27 205
8 205 15 205
0 205 7 205
188 204 199 204
188 203 199 203
182 203 187 204
176 203 181 204
164 204 175 204
164 203 175 203
152 204 163 204
152 203 163 203
140 204 151 204
140 203 151 203
128 204 139 204
128 203 139 203
116 204 127 204
116 203 127 203
104 204 115 204
104 203 115 203
92 204 103 204
92 203 103 203
86 203 91 204
74 204 85 204
74 203 85 203
62 204 73 204
62 203 73 203
50 204 61 204
50 203 61 203
38 204 49 204
38 203 49 203
32 203 37 204
26 203 31 204
14 204 25 204
14 203 25 203
6 204 13 204
6 203 13 203
0 203 5 204
188 202 199 202
176 202 187 202
164 202 175 202
152 202 163 202
140 202 151 202
131 202 139 202
119 202 130 202
107 202 118 202
95 202 106 202
83 202 94 202
71 202 82 202
59 202 70 202
47 202 58 202
35 202 46 202
24 202 34 202
12 202 23 202
0 202 11 202
188 201 199 201
178 201 187 201
168 201 177 201
156 201 167 201
144 201 155 201
132 201 143 201
120 201 131 201
108 201 119 201
98 201 107 201
86 201 97 201
74 201 85 201
62 201 73 201
53 201 61 201
44 201 52 201
32 201 43 201
22 201 31 201
10 201 21 201
0 201 9 201
188 200 199 200
176 200 187 200
164 200 175 200
152 200 163 200
140 200 151 200
128 200 139 200
116 200 127 200
104 200 115 200
92 200 103 200
80 200 91 200
68 200 79 200
56 200 67 200
44 200 55 200
32 200 43 200
24 200 31 200
12 200 23 200
0 200 11 200
194 198 199 199
194 196 199 197
191 196 193 199
179 198 190 198
179 196 190 196
179 199 190 199
179 197 190 197
175 196 178 198
171 196 174 198
167 199 178 199
165 197 170 198
159 197 164 198
159 196 170 196
155 199 166 199
155 196 158 198
151 197 154 199
145 197 150 198
143 196 154 196
139 197 144 198
139 199 150 199
133 198 138 199
131 196 142 196
127 198 132 199
127 197 138 197
121 198 126 199
119 196 130 196
115 198 120 199
115 197 126 197
107 196 118 196
103 197 114 197
103 199 114 199
103 198 114 198
97 197 102 198
97 196 106 196
93 196 96 198
91 199 102 199
87 196 92 197
81 198 92 198
81 196 86 197
79 199 90 199
77 196 80 198
73 196 76 198
67 197 72 198
67 199 78 199
63 197 66 199
63 196 72 196
60 196 62 199
48 198 59 198
48 196 59 196
48 199 59 199
48 197 59 197
44 197 47 199
40 197 43 199
38 196 47 196
36 197 39 199
32 197 35 199
26 196 37 196
20 197 31 197
20 199 31 199
20 198 31 198
16 196 25 196
16 197 19 198
12 196 15 198
9 199 19 199
0 196 11 196
0 198 11 198
0 197 11 197
0 199 8 199
194 194 199 195
188 194 193 195
176 195 187 195
176 194 187 194
164 195 175 195
164 194 175 194
152 195 163 195
152 194 163 194
147 194 151 195
142 194 146 195
130 195 141 195
130 194 141 194
118 195 129 195
118 194 129 194
106 195 117 195
106 194 117 194
94 195 105 195
94 194 105 194
88 194 93 195
82 194 87 195
70 195 81 195
70 194 81 194
58 195 69 195
58 194 69 194
52 194 57 195
40 195 51 195
40 194 51 194
28 195 39 195
28 194 39 194
22 194 27 195
16 194 21 195
5 195 15 195
5 194 15 194
0 194 4 195
188 193 199 193
188 192 199 192
178 192 187 192
178 193 187 193
172 192 177 193
160 193 171 193
160 192 171 192
148 193 159 193
148 192 159 192
142 192 147 193
130 193 141 193
130 192 141 192
118 193 129 193
118 192 129 192
106 193 117 193
106 192 117 192
94 193 105 193
94 192 105 192
82 193 93 193
82 192 93 192
76 192 81 193
64 193 75 193
64 192 75 192
52 193 63 193
52 192 63 192
40 193 51 193
40 192 51 192
28 193 39 193
28 192 39 192
16 193 27 193
16 192 27 192
10 192 15 193
6 192 9 193
0 192 5 193
194 190 199 191
194 188 199 189
191 188 193 191
179 190 190 190
179 188 190 188
179 191 190 191
179 189 190 189
167 190 178 190
167 188 178 188
167 191 178 191
167 189 178 189
155 190 166 190
155 188 166 188
155 191 166 191
155 189 166 189
149 188 154 189
143 191 154 191
143 190 154 190
137 188 148 188
137 190 142 191
137 189 148 189
131 190 136 191
131 188 136 189
119 190 130 190
119 188 130 188
119 191 130 191
119 189 130 189
107 190 118 190
107 188 118 188
107 191 118 191
107 189 118 189
95 190 106 190
95 188 106 188
95 191 106 191
95 189 106 189
83 190 94 190
83 188 94 188
83 191 94 191
83 189 94 189
71 190 82 190
71 188 82 188
71 191 82 191
71 189 82 189
65 190 70 191
65 188 70 189
61 188 64 190
55 189 60 190
53 191 64 191
49 188 60 188
43 190 54 190
43 189 54 189
41 191 52 191
37 189 42 190
37 188 48 188
31 189 36 190
29 191 40 191
25 189 30 190
25 188 36 188
21 188 24 190
17 191 28 191
17 188 20 190
11 190 16 191
11 188 16 189
5 190 10 191
5 188 10 189
0 190 4 191
0 188 4 189
188 187 199 187
176 187 187 187
164 187 175 187
152 187 163 187
140 187 151 187
128 187 139 187
116 187 127 187
104 187 115 187
92 187 103 187
80 187 91 187
70 187 79 187
58 187 69 187
46 187 57 187
34 187 45 187
22 187 33 187
10 187 21 187
0 187 9 187
188 186 199 186
188 185 199 185
176 186 187 186
176 185 187 185
170 185 175 186
165 185 169 186
159 185 164 186
153 185 158 186
141 186 152 186
141 185 152 185
129 186 140 186
129 185 140 185
123 185 128 186
111 186 122 186
111 185 122 185
99 186 110 186
99 185 110 185
91 186 98 186
87 185 98 185
79 186 90 186
75 185 86 185
67 186 78 186
63 185 74 185
55 186 66 186
52 185 62 185
43 186 54 186
40 185 51 185
33 186 42 186
28 185 39 185
21 186 32 186
18 185 27 185
9 186 20 186
9 185 17 185
4 185 8 186
0 185 3 186
188 184 199 184
188 183 199 183
176 184 187 184
176 183 187 183
164 184 175 184
164 183 175 183
158 183 163 184
146 184 157 184
146 183 157 183
134 184 145 184
134 183 145 183
128 183 133 184
116 184 127 184
116 183 127 183
104 184 115 184
104 183 115 183
98 183 103 184
92 183 97 184
80 184 91 184
80 183 91 183
68 184 79 184
68 183 79 183
62 183 67 184
50 184 61 184
50 183 61 183
44 183 49 184
32 184 43 184
32 183 43 183
26 183 31 184
14 184 25 184
14 183 25 183
8 183 13 184
0 184 7 184
0 183 7 183
194 180 199 181
188 180 193 181
188 182 199 182
182 180 187 181
176 180 181 181
176 182 187 182
172 180 175 182
166 180 171 181
162 182 171 182
154 181 165 181
154 180 165 180
154 182 161 182
148 181 153 182
142 180 153 180
136 182 147 182
136 181 147 181
130 181 135 182
130 180 141 180
118 180 129 180
118 182 129 182
118 181 129 181
106 180 117 180
106 182 117 182
106 181 117 181
102 180 105 182
90 180 101 180
90 182 101 182
90 181 101 181
86 180 89 182
80 181 85 182
74 181 79 182
74 180 85 180
70 180 73 182
64 180 69 181
58 180 63 181
58 182 69 182
52 180 57 181
46 180 51 181
46 182 57 182
40 180 45 181
34 180 39 181
34 182 45 182
30 180 33 182
24 180 29 181
18 180 23 181
18 182 29 182
6 180 17 180
6 182 17 182
6 181 17 181
3 180 5 182
0 180 2 182
188 179 199 179
176 179 187 179
164 179 175 179
152 179 163 179
140 179 151 179
128 179 139 179
116 179 127 179
104 179 115 179
92 179 103 179
80 179 91 179
68 179 79 179
56 179 67 179
44 179 55 179
33 179 43 179
22 179 32 179
10 179 21 179
0 179 9 179
188 178 199 178
176 178 187 178
164 178 175 178
152 178 163 178
141 178 151 178
130 178 140 178
119 178 129 178
107 178 118 178
95 178 106 178
83 178 94 178
71 178 82 178
59 178 70 178
47 178 58 178
35 178 46 178
23 178 34 178
11 178 22 178
0 178 10 178
188 177 199 177
176 177 187 177
164 177 175 177
152 177 163 177
140 177 151 177
128 177 139 177
116 177 127 177
104 177 115 177
92 177 103 177
80 177 91 177
68 177 79 177
56 177 67 177
44 177 55 177
32 177 43 177
20 177 31 177
8 177 19 177
0 177 7 177
188 176 199 176
188 175 199 175
182 175 187 176
170 176 181 176
170 175 181 175
158 176 169 176
158 175 169 175
146 176 157 176
146 175 157 175
134 176 145 176
134 175 145 175
122 176 133 176
122 175 133 175
110 176 121 176
110 175 121 175
104 175 109 176
92 176 103 176
92 175 103 175
80 176 91 176
80 175 91 175
68 176 79 176
68 175 79 175
56 176 67 176
56 175 67 175
50 175 55 176
44 175 49 176
38 175 43 176
32 175 37 176
20 176 31 176
20 175 31 175
14 175 19 176
5 176 13 176
5 175 13 175
0 175 4 176
188 174 199 174
188 173 199 173
176 174 187 174
176 173 187 173
170 173 175 174
158 174 169 174
158 173 169 173
146 174 157 174
146 173 157 173
140 173 145 174
134 173 139 174
122 174 133 174
122 173 133 173
110 174 121 174
110 173 121 173
104 173 109 174
98 173 103 174
86 174 97 174
86 173 97 173
80 173 85 174
74 173 79 174
69 173 73 174
65 173 68 174
56 174 64 174
53 173 64 173
44 174 55 174
41 173 52 173
32 174 43 174
32 173 40 173
20 174 31 174
20 173 31 173
16 173 19 174
11 173 15 174
5 173 10 174
0 173 4 174
188 172 199 172
188 171 199 171
182 171 187 172
176 171 181 172
164 172 175 172
164 171 175 171
152 172 163 172
152 171 163 171
140 172 151 172
140 171 151 171
128 172 139 172
128 171 139 171
116 172 127 172
116 171 127 171
104 172 115 172
104 171 115 171
92 172 103 172
92 171 103 171
80 172 91 172
80 171 91 171
68 172 79 172
68 171 79 171
56 172 67 172
56 171 67 171
44 172 55 172
44 171 55 171
32 172 43 172
32 171 43 171
20 172 31 172
20 171 31 171
14 171 19 172
5 172 13 172
5 171 13 171
0 171 4 172
194 169 199 170
194 167 199 168
188 169 193 170
188 167 193 168
185 167 187 170
181 168 184 170
177 168 180 170
173 167 184 167
171 168 176 169
165 170 176 170
161 167 172 167
159 169 170 169
159 168 170 168
153 170 164 170
153 168 158 169
149 168 152 170
149 167 160 167
143 168 148 169
137 170 148 170
137 167 148 167
131 169 142 169
131 168 142 168
125 167 136 167
125 170 136 170
125 168 130 169
113 169 124 169
113 167 124 167
113 170 124 170
113 168 124 168
107 168 112 169
101 167 112 167
101 170 112 170
101 168 106 169
97 167 100 169
93 167 96 169
89 170 100 170
89 167 92 169
77 169 88 169
77 167 88 167
77 170 88 170
77 168 88 168
71 169 76 170
71 167 76 168
67 168 70 170
63 168 66 170
59 167 70 167
57 168 62 169
51 170 62 170
51 168 56 169
47 168 50 170
47 167 58 167
43 168 46 170
39 168 42 170
35 168 38 170
35 167 46 167
29 168 34 169
23 167 34 167
23 168 28 169
23 170 34 170
11 169 22 169
11 167 22 167
11 170 22 170
11 168 22 168
5 168 10 169
0 170 10 170
0 167 10 167
0 168 4 169
194 165 199 166
188 165 193 166
176 166 187 166
176 165 187 165
164 166 175 166
164 165 175 165
152 166 163 166
152 165 163 165
141 165 151 165
140 166 151 166
129 165 140 165
128 166 139 166
117 165 128 165
116 166 127 166
105 165 116 165
104 166 115 166
93 165 104 165
92 166 103 166
81 165 92 165
80 166 91 166
69 165 80 165
69 166 79 166
63 165 68 166
57 165 62 166
45 166 56 166
45 165 56 165
33 166 44 166
33 165 44 165
21 166 32 166
21 165 32 165
15 165 20 166
10 165 14 166
0 166 9 166
0 165 9 165
189 164 199 164
180 164 188 164
171 164 179 164
159 164 170 164
147 164 158 164
135 164 146 164
123 164 134 164
111 164 122 164
99 164 110 164
87 164 98 164
75 164 86 164
63 164 74 164
51 164 62 164
39 164 50 164
27 164 38 164
18 164 26 164
10 164 17 164
0 164 9 164
188 163 199 163
188 162 199 162
176 163 187 163
176 162 187 162
170 162 175 163
158 163 169 163
158 162 169 162
146 163 157 163
146 162 157 162
134 163 145 163
134 162 145 162
128 162 133 163
116 163 127 163
116 162 127 162
111 162 115 163
99 163 110 163
99 162 110 162
87 163 98 163
87 162 98 162
75 163 86 163
75 162 86 162
63 163 74 163
63 162 74 162
51 163 62 163
51 162 62 162
39 163 50 163
39 162 50 162
27 163 38 163
27 162 38 162
15 163 26 163
15 162 26 162
4 163 14 163
4 162 14 162
0 162 3 163
194 160 199 161
188 160 193 161
184 160 187 161
172 161 183 161
172 160 183 160
160 161 171 161
160 160 171 160
148 161 159 161
148 160 159 160
142 160 147 161
130 161 141 161
130 160 141 160
118 161 129 161
118 160 129 160
106 161 117 161
106 160 117 160
100 160 105 161
95 160 99 161
89 160 94 161
77 161 88 161
77 160 88 160
65 161 76 161
65 160 76 160
53 161 64 161
53 160 64 160
41 161 52 161
41 160 52 160
29 161 40 161
29 160 40 160
17 161 28 161
17 160 28 160
5 161 16 161
5 160 16 160
0 160 4 161
188 159 199 159
180 159 187 159
168 159 179 159
156 159 167 159
144 159 155 159
132 159 143 159
120 159 131 159
108 159 119 159
96 159 107 159
85 159 95 159
76 159 84 159
65 159 75 159
53 159 64 159
44 159 52 159
32 159 43 159
22 159 31 159
10 159 21 159
0 159 9 159
188 156 199 156
188 158 199 158
188 157 199 157
184 156 187 158
178 156 183 157
172 156 177 157
172 158 183 158
166 156 171 157
160 156 165 157
160 158 171 158
156 156 159 158
152 156 155 158
149 156 151 158
145 156 148 158
141 156 144 158
129 156 140 156
129 158 140 158
129 157 140 157
125 156 128 158
121 156 124 158
115 156 120 157
109 156 114 157
109 158 120 158
105 156 108 158
101 156 104 158
95 156 100 157
89 156 94 157
89 158 100 158
77 156 88 156
77 158 88 158
77 157 88 157
65 156 76 156
65 158 76 158
65 157 76 157
61 156 64 158
57 156 60 158
51 156 56 157
45 156 50 157
45 158 56 158
41 156 44 158
37 156 40 158
31 157 36 158
25 157 30 158
25 156 36 156
21 156 24 158
15 156 20 157
9 156 14 157
9 158 20 158
6 156 8 158
3 156 5 158
0 156 2 158
196 153 199 155
192 153 195 155
186 154 191 155
180 153 191 153
174 155 185 155
174 154 185 154
168 154 173 155
168 153 179 153
156 153 167 153
156 155 167 155
156 154 167 154
152 153 155 155
146 153 151 154
140 153 145 154
140 155 151 155
128 153 139 153
128 155 139 155
128 154 139 154
116 153 127 153
116 155 127 155
116 154 127 154
112 153 115 155
108 153 111 155
102 153 107 154
96 155 107 155
91 153 101 153
91 154 101 154
86 153 90 154
86 155 95 155
80 154 85 155
74 154 79 155
74 153 85 153
68 153 73 154
62 153 67 154
62 155 73 155
56 153 61 154
51 155 61 155
51 153 55 154
39 153 50 153
39 155 50 155
39 154 50 154
35 153 38 155
23 153 34 153
23 155 34 155
23 154 34 154
19 153 22 155
13 154 18 155
7 154 12 155
7 153 18 153
3 153 6 155
0 153 2 155
188 152 199 152
176 152 187 152
164 152 175 152
152 152 163 152
141 152 151 152
129 152 140 152
117 152 128 152
105 152 116 152
93 152 104 152
81 152 92 152
69 152 80 152
57 152 68 152
45 152 56 152
33 152 44 152
21 152 32 152
9 152 20 152
0 152 8 152
188 151 199 151
176 151 187 151
164 151 175 151
152 151 163 151
140 151 151 151
128 151 139 151
116 151 127 151
104 151 115 151
92 151 103 151
80 151 91 151
68 151 79 151
56 151 67 151
44 151 55 151
32 151 43 151
20 151 31 151
9 151 19 151
0 151 8 151
188 150 199 150
188 149 199 149
176 150 187 150
176 149 187 149
170 149 175 150
158 150 169 150
158 149 169 149
146 150 157 150
146 149 157 149
140 149 145 150
128 150 139 150
128 149 139 149
116 150 127 150
116 149 127 149
110 149 115 150
98 150 109 150
98 149 109 149
92 149 97 150
80 150 91 150
80 149 91 149
74 149 79 150
68 149 73 150
56 150 67 150
56 149 67 149
44 150 55 150
44 149 55 149
32 150 43 150
32 149 43 149
20 150 31 150
20 149 31 149
12 149 19 149
10 150 19 150
0 149 11 149
0 150 9 150
188 148 199 148
188 147 199 147
176 148 187 148
176 147 187 147
164 148 175 148
164 147 175 147
152 148 163 148
152 147 163 147
140 148 151 148
140 147 151 147
134 147 139 148
124 148 133 148
122 147 133 147
112 148 123 148
112 147 121 147
106 147 111 148
100 147 105 148
88 148 99 148
88 147 99 147
76 148 87 148
76 147 87 147
64 148 75 148
64 147 75 147
52 148 63 148
52 147 63 147
40 148 51 148
40 147 51 147
28 148 39 148
28 147 39 147
16 148 27 148
16 147 27 147
11 147 15 148
5 147 10 148
0 147 4 148
188 146 199 146
176 146 187 146
164 146 175 146
152 146 163 146
140 146 151 146
128 146 139 146
116 146 127 146
104 146 115 146
92 146 103 146
81 146 91 146
69 146 80 146
57 146 68 146
45 146 56 146
33 146 44 146
21 146 32 146
9 146 20 146
0 146 8 146
189 145 199 145
179 145 188 145
169 145 178 145
161 145 168 145
151 145 160 145
139 145 150 145
127 145 138 145
115 145 126 145
103 145 114 145
91 145 102 145
79 145 90 145
67 145 78 145
55 145 66 145
43 145 54 145
31 145 42 145
19 145 30 145
8 145 18 145
0 145 7 145
188 144 199 144
178 144 187 144
167 144 177 144
155 144 166 144
143 144 154 144
131 144 142 144
119 144 130 144
107 144 118 144
95 144 106 144
83 144 94 144
71 144 82 144
59 144 70 144
47 144 58 144
35 144 46 144
23 144 34 144
11 144 22 144
0 144 10 144
194 141 199 142
188 141 193 142
188 143 199 143
184 141 187 143
172 141 183 141
172 143 183 143
172 142 183 142
168 141 171 143
162 141 167 142
156 143 167 143
150 142 161 142
150 141 161 141
144 143 155 143
144 141 149 142
138 142 143 143
132 142 137 143
132 141 143 141
126 141 131 142
120 143 131 143
120 141 125 142
116 141 119 143
110 141 115 142
104 141 109 142
104 143 115 143
100 141 103 143
94 141 99 142
88 143 99 143
82 142 93 142
82 141 93 141
76 141 81 142
76 143 87 143
64 141 75 141
64 143 75 143
64 142 75 142
60 141 63 143
56 141 59 143
50 142 55 143
44 142 49 143
44 141 55 141
32 141 43 141
32 143 43 143
32 142 43 142
28 141 31 143
24 141 27 143
18 141 23 142
12 141 17 142
12 143 23 143
0 141 11 141
0 143 11 143
0 142 11 142
194 139 199 140
183 139 193 139
183 140 193 140
177 139 182 140
171 139 176 140
159 140 170 140
159 139 170 139
153 139 158 140
141 140 152 140
141 139 152 139
129 140 140 140
129 139 140 139
117 140 128 140
117 139 128 139
105 140 116 140
105 139 116 139
93 140 104 140
93 139 104 139
81 140 92 140
81 139 92 139
69 140 80 140
69 139 80 139
57 140 68 140
57 139 68 139
45 140 56 140
45 139 56 139
33 140 44 140
33 139 44 139
21 140 32 140
21 139 32 139
15 139 20 140
5 140 14 140
5 139 14 139
0 139 4 140
196 136 199 138
192 136 195 138
188 136 191 138
184 136 187 138
172 136 183 136
172 138 183 138
172 137 183 137
168 136 171 138
162 136 167 137
156 136 161 137
156 138 167 138
152 136 155 138
146 136 151 137
140 136 145 137
140 138 151 138
136 136 139 138
132 136 135 138
126 136 131 137
120 136 125 137
120 138 131 138
114 136 119 137
108 136 113 137
108 138 119 138
96 136 107 136
96 138 107 138
96 137 107 137
92 136 95 138
86 136 91 137
80 136 85 137
80 138 91 138
74 136 79 137
68 138 79 138
62 137 73 137
62 136 73 136
56 136 61 137
56 138 67 138
50 137 55 138
44 136 55 136
38 138 49 138
38 137 49 137
32 137 37 138
32 136 43 136
20 136 31 136
20 138 31 138
20 137 31 137
8 136 19 136
8 138 19 138
8 137 19 137
4 136 7 138
0 136 3 138
188 135 199 135
176 135 187 135
164 135 175 135
152 135 163 135
140 135 151 135
128 135 139 135
116 135 127 135
104 135 115 135
92 135 103 135
84 135 91 135
72 135 83 135
60 135 71 135
48 135 59 135
36 135 47 135
24 135 35 135
12 135 23 135
0 135 11 135
188 134 199 134
188 133 199 133
182 133 187 134
170 134 181 134
170 133 181 133
158 134 169 134
158 133 169 133
146 134 157 134
146 133 157 133
142 133 145 134
137 133 141 134
127 133 136 133
127 134 136 134
122 133 126 134
116 133 121 134
111 133 115 134
99 134 110 134
99 133 110 133
87 134 98 134
87 133 98 133
75 134 86 134
75 133 86 133
69 133 74 134
57 134 68 134
57 133 68 133
45 134 56 134
45 133 56 133
33 134 44 134
33 133 44 133
27 133 32 134
21 133 26 134
16 133 20 134
10 133 15 134
5 133 9 134
0 133 4 134
194 131 199 132
194 129 199 130
188 131 193 132
182 129 193 129
182 131 187 132
182 130 193 130
176 129 181 130
176 131 181 132
170 131 175 132
170 129 175 130
158 131 169 131
158 129 169 129
158 132 169 132
158 130 169 130
152 131 157 132
152 129 157 130
140 131 151 131
140 129 151 129
140 132 151 132
140 130 151 130
128 131 139 131
128 129 139 129
128 132 139 132
128 130 139 130
116 131 127 131
116 129 127 129
116 132 127 132
116 130 127 130
104 131 115 131
104 129 115 129
104 132 115 132
104 130 115 130
92 131 103 131
92 129 103 129
92 132 103 132
92 130 103 130
88 130 91 132
84 130 87 132
80 130 83 132
80 129 91 129
76 130 79 132
72 130 75 132
68 130 71 132
68 129 79 129
56 131 67 131
56 129 67 129
56 132 67 132
56 130 67 130
53 129 55 132
50 129 52 132
44 129 49 130
44 131 49 132
40 130 43 132
36 130 39 132
32 130 35 132
32 129 43 129
26 131 31 132
26 129 31 130
20 131 25 132
20 129 25 130
14 131 19 132
14 129 19 130
8 131 13 132
8 129 13 130
4 129 7 131
0 129 3 131
0 132 7 132
188 128 199 128
176 128 187 128
165 128 175 128
156 128 164 128
144 128 155 128
136 128 143 128
124 128 135 128
112 128 123 128
100 128 111 128
88 128 99 128
76 128 87 128
64 128 75 128
52 128 63 128
40 128 51 128
30 128 39 128
22 128 29 128
11 128 21 128
0 128 10 128
188 127 199 127
176 127 187 127
164 127 175 127
154 127 163 127
143 127 153 127
131 127 142 127
119 127 130 127
107 127 118 127
95 127 106 127
83 127 94 127
71 127 82 127
59 127 70 127
47 127 58 127
35 127 46 127
23 127 34 127
11 127 22 127
0 127 10 127
188 126 199 126
176 126 187 126
164 126 175 126
156 126 163 126
144 126 155 126
132 126 143 126
123 126 131 126
111 126 122 126
99 126 110 126
87 126 98 126
75 126 86 126
63 126 74 126
51 126 62 126
41 126 50 126
29 126 40 126
18 126 28 126
10 126 17 126
0 126 9 126
188 125 199 125
176 125 187 125
164 125 175 125
152 125 163 125
140 125 151 125
128 125 139 125
116 125 127 125
104 125 115 125
92 125 103 125
81 125 91 125
69 125 80 125
57 125 68 125
45 125 56 125
33 125 44 125
21 125 32 125
9 125 20 125
0 125 8 125
196 122 199 124
184 122 195 122
184 124 195 124
184 123 195 123
180 122 183 124
176 122 179 124
172 122 175 124
168 122 171 124
162 122 167 123
156 122 161 123
156 124 167 124
144 122 155 122
144 124 155 124
144 123 155 123
138 123 143 124
132 123 137 124
132 122 143 122
120 122 131 122
120 124 131 124
120 123 131 123
116 122 119 124
110 122 115 123
104 122 109 123
104 124 115 124
100 122 103 124
94 122 99 123
88 122 93 123
88 124 99 124
76 122 87 122
76 124 87 124
76 123 87 123
70 122 75 123
64 122 69 123
64 124 75 124
58 123 63 124
52 123 57 124
52 122 63 122
48 122 51 124
36 122 47 122
36 124 47 124
36 123 47 123
33 122 35 124
29 122 32 124
17 122 28 122
17 124 28 124
17 123 28 123
11 123 16 124
6 122 16 122
6 123 10 124
3 122 5 124
0 122 2 124
188 120 199 120
188 118 199 118
188 121 199 121
188 119 199 119
176 120 187 120
176 118 187 118
176 121 187 121
176 119 187 119
170 119 175 120
164 118 175 118
164 119 169 120
164 121 175 121
158 119 163 120
152 118 163 118
152 121 163 121
152 119 157 120
140 120 151 120
140 118 151 118
140 121 151 121
140 119 151 119
128 120 139 120
128 118 139 118
128 121 139 121
128 119 139 119
122 120 127 121
122 118 127 119
116 118 121 119
116 120 121 121
110 120 115 121
110 118 115 119
107 118 109 121
103 119 106 121
99 119 102 121
95 119 98 121
95 118 106 118
89 118 94 119
89 120 94 121
84 118 88 119
84 120 88 121
81 118 83 121
75 118 80 119
69 118 74 119
69 121 80 121
69 120 80 120
57 120 68 120
57 118 68 118
57 121 68 121
57 119 68 119
51 118 56 119
51 120 56 121
45 120 50 121
45 118 50 119
42 118 44 121
36 119 41 120
30 118 41 118
30 119 35 120
30 121 41 121
18 120 29 120
18 118 29 118
18 121 29 121
18 119 29 119
6 120 17 120
6 118 17 118
6 121 17 121
6 119 17 119
0 120 5 121
0 118 5 119
196 115 199 117
192 115 195 117
180 115 191 115
180 117 191 117
180 116 191 116
176 115 179 117
172 115 175 117
166 116 171 117
160 115 171 115
154 117 165 117
154 116 165 116
148 116 153 117
148 115 159 115
144 115 147 117
138 115 143 116
132 115 137 116
132 117 143 117
128 115 131 117
122 115 127 116
116 115 121 116
116 117 127 117
110 115 115 116
104 115 109 116
104 117 115 117
98 115 103 116
92 115 97 116
92 117 103 117
80 115 91 115
80 117 91 117
80 116 91 116
74 116 79 117
68 116 73 117
68 115 79 115
64 115 67 117
52 115 63 115
52 117 63 117
52 116 63 116
46 115 51 116
40 115 45 116
40 117 51 117
34 115 39 116
28 117 39 117
28 115 33 116
24 115 27 117
20 115 23 117
16 115 19 117
4 115 15 115
4 117 15 117
4 116 15 116
0 115 3 117
188 114 199 114
188 113 199 113
176 114 187 114
176 113 187 113
164 114 175 114
164 113 175 113
158 113 163 114
146 114 157 114
146 113 157 113
140 113 145 114
134 113 139 114
123 114 133 114
122 113 133 113
111 114 122 114
111 113 121 113
105 113 110 114
99 113 104 114
93 113 98 114
81 114 92 114
81 113 92 113
69 114 80 114
69 113 80 113
57 114 68 114
57 113 68 113
47 113 56 113
47 114 56 114
42 113 46 114
36 113 41 114
30 113 35 114
18 114 29 114
18 113 29 113
6 114 17 114
6 113 17 113
0 113 5 114
194 111 199 112
189 111 193 112
177 112 188 112
177 111 188 111
171 111 176 112
159 112 170 112
159 111 170 111
147 112 158 112
147 111 158 111
141 111 146 112
129 112 140 112
129 111 140 111
123 111 128 112
111 112 122 112
111 111 122 111
99 112 110 112
99 111 110 111
87 112 98 112
87 111 98 111
75 112 86 112
75 111 86 111
63 112 74 112
63 111 74 111
51 112 62 112
51 111 62 111
39 112 50 112
39 111 50 111
27 112 38 112
27 111 38 111
22 111 26 112
16 111 21 112
4 112 15 112
4 111 15 111
0 111 3 112
196 108 199 110
190 109 195 110
184 109 189 110
184 108 195 108
180 108 183 110
176 108 179 110
172 108 175 110
160 108 171 108
160 110 171 110
160 109 171 109
154 108 159 109
149 110 159 110
149 108 153 109
143 109 148 110
137 109 142 110
137 108 148 108
133 108 136 110
127 109 132 110
121 108 132 108
115 110 126 110
115 109 126 109
109 109 114 110
109 108 120 108
104 109 108 110
98 109 103 110
97 108 108 108
92 109 97 110
86 109 91 110
85 108 96 108
80 109 85 110
74 109 79 110
73 108 84 108
68 109 73 110
61 108 72 108
56 110 67 110
56 109 67 109
50 109 55 110
49 108 60 108
38 110 49 110
38 109 49 109
37 108 48 108
26 110 37 110
26 109 37 109
25 108 36 108
14 110 25 110
14 109 25 109
13 108 24 108
9 109 13 110
3 109 8 110
3 108 12 108
0 108 2 110
188 107 199 107
176 107 187 107
164 107 175 107
152 107 163 107
140 107 151 107
128 107 139 107
117 107 127 107
105 107 116 107
93 107 104 107
81 107 92 107
69 107 80 107
58 107 68 107
46 107 57 107
34 107 45 107
22 107 33 107
10 107 21 107
0 107 9 107
188 106 199 106
176 106 187 106
164 106 175 106
152 106 163 106
140 106 151 106
128 106 139 106
119 106 127 106
107 106 118 106
95 106 106 106
83 106 94 106
71 106 82 106
59 106 70 106
47 106 58 106
35 106 46 106
23 106 34 106
11 106 22 106
0 106 10 106
188 105 199 105
176 105 187 105
164 105 175 105
152 105 163 105
140 105 151 105
128 105 139 105
116 105 127 105
104 105 115 105
92 105 103 105
80 105 91 105
68 105 79 105
56 105 67 105
44 105 55 105
32 105 43 105
21 105 31 105
12 105 20 105
0 105 11 105
196 102 199 104
190 103 195 104
185 102 195 102
178 104 189 104
178 103 189 103
173 102 184 102
166 104 177 104
166 103 177 103
161 102 172 102
160 103 165 104
149 102 160 102
148 104 159 104
148 103 159 103
137 102 148 102
136 104 147 104
136 103 147 103
130 103 135 104
125 102 136 102
118 104 129 104
118 103 129 103
113 102 124 102
112 103 117 104
101 102 112 102
100 104 111 104
100 103 111 103
94 103 99 104
89 102 100 102
82 104 93 104
82 103 93 103
77 102 88 102
70 104 81 104
70 103 81 103
65 102 76 102
64 103 69 104
58 103 63 104
53 102 64 102
46 104 57 104
46 103 57 103
41 102 52 102
34 104 45 104
34 103 45 103
29 102 40 102
28 103 33 104
23 103 27 104
18 102 28 102
18 103 22 104
15 102 17 104
4 102 14 102
4 104 14 104
4 103 14 103
0 102 3 104
197 98 199 101
185 100 196 100
185 98 196 98
185 101 196 101
185 99 196 99
179 100 184 101
179 98 184 99
167 100 178 100
167 98 178 98
167 101 178 101
167 99 178 99
155 100 166 100
155 98 166 98
155 101 166 101
155 99 166 99
143 100 154 100
143 98 154 98
143 101 154 101
143 99 154 99
131 100 142 100
131 98 142 98
131 101 142 101
131 99 142 99
119 100 130 100
119 98 130 98
119 101 130 101
119 99 130 99
113 98 118 99
113 100 118 101
110 98 112 101
107 98 109 101
101 100 106 101
101 98 106 99
97 99 100 101
93 99 96 101
89 99 92 101
89 98 100 98
83 100 88 101
83 98 88 99
77 99 82 100
71 98 82 98
71 101 82 101
71 99 76 100
65 98 70 99
65 100 70 101
53 100 64 100
53 98 64 98
53 101 64 101
53 99 64 99
47 100 52 101
47 98 52 99
41 98 46 99
41 100 46 101
29 100 40 100
29 98 40 98
29 101 40 101
29 99 40 99
17 100 28 100
17 98 28 98
17 101 28 101
17 99 28 99
11 98 16 99
11 100 16 101
5 99 10 100
0 101 10 101
0 98 10 98
0 99 4 100
188 97 199 97
176 97 187 97
164 97 175 97
152 97 163 97
140 97 151 97
128 97 139 97
116 97 127 97
104 97 115 97
92 97 103 97
80 97 91 97
68 97 79 97
56 97 67 97
44 97 55 97
32 97 43 97
20 97 31 97
8 97 19 97
0 97 7 97
188 96 199 96
176 96 187 96
165 96 175 96
154 96 164 96
142 96 153 96
130 96 141 96
118 96 129 96
106 96 117 96
94 96 105 96
83 96 93 96
74 96 82 96
62 96 73 96
51 96 61 96
39 96 50 96
27 96 38 96
19 96 26 96
9 96 18 96
0 96 8 96
188 95 199 95
188 94 199 94
176 95 187 95
176 94 187 94
164 95 175 95
164 94 175 94
152 95 163 95
152 94 163 94
140 95 151 95
140 94 151 94
128 95 139 95
128 94 139 94
116 95 127 95
116 94 127 94
110 94 115 95
106 94 109 95
94 95 105 95
94 94 105 94
82 95 93 95
82 94 93 94
70 95 81 95
70 94 81 94
58 95 69 95
58 94 69 94
46 95 57 95
46 94 57 94
34 95 45 95
34 94 45 94
28 94 33 95
16 95 27 95
16 94 27 94
4 95 15 95
4 94 15 94
0 94 3 95
188 93 199 93
188 92 199 92
176 93 187 93
176 92 187 92
164 93 175 93
164 92 175 92
152 93 163 93
152 92 163 92
140 93 151 93
140 92 151 92
128 93 139 93
128 92 139 92
116 93 127 93
116 92 127 92
104 93 115 93
104 92 115 92
92 93 103 93
92 92 103 92
80 93 91 93
80 92 91 92
68 93 79 93
68 92 79 92
56 93 67 93
56 92 67 92
44 93 55 93
44 92 55 92
32 93 43 93
32 92 43 92
20 93 31 93
20 92 31 92
14 92 19 93
8 92 13 93
4 92 7 93
0 92 3 93
188 91 199 91
176 91 187 91
166 91 175 91
154 91 165 91
142 91 153 91
130 91 141 91
118 91 129 91
106 91 117 91
94 91 105 91
82 91 93 91
70 91 81 91
58 91 69 91
46 91 57 91
34 91 45 91
22 91 33 91
10 91 21 91
0 91 9 91
188 90 199 90
188 89 199 89
176 90 187 90
176 89 187 89
171 89 175 90
166 89 170 90
160 89 165 90
148 90 159 90
148 89 159 89
136 90 147 90
136 89 147 89
132 89 135 90
126 89 131 90
120 89 125 90
115 89 119 90
109 89 114 90
103 89 108 90
91 90 102 90
91 89 102 89
79 90 90 90
79 89 90 89
67 90 78 90
67 89 78 89
55 90 66 90
55 89 66 89
43 90 54 90
43 89 54 89
31 90 42 90
31 89 42 89
25 89 30 90
19 89 24 90
11 90 18 90
11 89 18 89
5 89 10 90
0 89 4 90
187 88 198 88
175 88 186 88
163 88 174 88
151 88 162 88
139 88 150 88
127 88 138 88
118 88 126 88
108 88 117 88
96 88 107 88
85 88 95 88
74 88 84 88
62 88 73 88
50 88 61 88
39 88 49 88
29 88 38 88
20 88 28 88
11 88 19 88
0 88 10 88
189 87 199 87
177 87 188 87
165 87 176 87
153 87 164 87
141 87 152 87
129 87 140 87
117 87 128 87
105 87 116 87
93 87 104 87
81 87 92 87
69 87 80 87
57 87 68 87
45 87 56 87
33 87 44 87
21 87 32 87
11 87 20 87
0 87 10 87
194 84 199 85
188 84 193 85
188 86 199 86
182 84 187 85
176 86 187 86
176 84 181 85
172 84 175 86
168 84 171 86
162 84 167 85
156 84 161 85
156 86 167 86
152 84 155 86
148 84 151 86
142 84 147 85
136 84 141 85
136 86 147 86
132 84 135 86
128 84 131 86
122 85 127 86
116 85 121 86
116 84 127 84
112 84 115 86
106 84 111 85
100 84 105 85
100 86 111 86
96 84 99 86
92 84 95 86
86 85 91 86
80 85 85 86
80 84 91 84
76 84 79 86
64 84 75 84
64 86 75 86
64 85 75 85
60 84 63 86
56 84 59 86
50 84 55 85
44 84 49 85
44 86 55 86
40 84 43 86
36 84 39 86
30 85 35 86
24 85 29 86
24 84 35 84
20 84 23 86
16 84 19 86
4 84 15 84
4 86 15 86
4 85 15 85
0 84 3 86
188 83 199 83
188 82 199 82
176 83 187 83
176 82 187 82
164 83 175 83
164 82 175 82
152 83 163 83
152 82 163 82
140 83 151 83
140 82 151 82
128 83 139 83
128 82 139 82
122 82 127 83
110 83 121 83
110 82 121 82
98 83 109 83
98 82 109 82
86 83 97 83
86 82 97 82
74 83 85 83
74 82 85 82
62 83 73 83
62 82 73 82
56 82 61 83
50 82 55 83
38 83 49 83
38 82 49 82
26 83 37 83
26 82 37 82
14 83 25 83
14 82 25 82
5 83 13 83
5 82 13 82
0 82 4 83
188 81 199 81
188 80 199 80
176 81 187 81
176 80 187 80
164 81 175 81
164 80 175 80
158 80 163 81
146 81 157 81
146 80 157 80
141 80 145 81
135 80 140 81
129 80 134 81
117 81 128 81
117 80 128 80
105 81 116 81
105 80 116 80
99 80 104 81
93 80 98 81
87 80 92 81
75 81 86 81
75 80 86 80
69 80 74 81
57 81 68 81
57 80 68 80
45 81 56 81
45 80 56 80
39 80 44 81
34 80 38 81
28 80 33 81
22 80 27 81
16 80 21 81
4 81 15 81
4 80 15 80
0 80 3 81
196 77 199 79
184 77 195 77
184 79 195 79
184 78 195 78
180 77 183 79
174 77 179 78
168 77 173 78
168 79 179 79
164 77 167 79
160 77 163 79
154 77 159 78
148 77 153 78
148 79 159 79
142 78 147 79
137 77 147 77
137 78 141 79
133 77 136 79
130 77 132 79
118 77 129 77
118 79 129 79
118 78 129 78
112 77 117 78
106 77 111 78
106 79 117 79
100 77 105 78
94 77 99 78
94 79 105 79
88 77 93 78
82 77 87 78
82 79 93 79
70 77 81 77
70 79 81 79
70 78 81 78
66 77 69 79
62 77 65 79
58 77 61 79
54 77 57 79
48 77 53 78
42 77 47 78
42 79 53 79
38 77 41 79
34 77 37 79
28 77 33 78
22 77 27 78
22 79 33 79
16 78 21 79
12 77 21 77
4 79 15 79
4 78 15 78
4 77 11 77
0 77 3 79
188 76 199 76
188 75 199 75
176 76 187 76
176 75 187 75
170 75 175 76
164 75 169 76
153 76 163 76
152 75 163 75
141 76 152 76
140 75 151 75
129 76 140 76
128 75 139 75
117 76 128 76
116 75 127 75
105 76 116 76
104 75 115 75
95 76 104 76
93 75 103 75
84 76 94 76
84 75 92 75
78 75 83 76
66 76 77 76
66 75 77 75
54 76 65 76
54 75 65 75
42 76 53 76
42 75 53 75
30 76 41 76
30 75 41 75
18 76 29 76
18 75 29 75
6 76 17 76
6 75 17 75
0 75 5 76
194 73 199 74
182 74 193 74
182 73 193 73
170 74 181 74
170 73 181 73
158 74 169 74
158 73 169 73
146 74 157 74
146 73 157 73
140 73 145 74
135 73 139 74
123 74 134 74
123 73 134 73
117 73 122 74
105 74 116 74
105 73 116 73
93 74 104 74
93 73 104 73
87 73 92 74
75 74 86 74
75 73 86 73
63 74 74 74
63 73 74 73
51 74 62 74
51 73 62 73
39 74 50 74
39 73 50 73
27 74 38 74
27 73 38 73
15 74 26 74
15 73 26 73
9 73 14 74
0 74 8 74
0 73 8 73
189 72 199 72
177 72 188 72
165 72 176 72
153 72 164 72
141 72 152 72
129 72 140 72
117 72 128 72
105 72 116 72
93 72 104 72
81 72 92 72
69 72 80 72
57 72 68 72
48 72 56 72
36 72 47 72
24 72 35 72
12 72 23 72
0 72 11 72
188 71 199 71
177 71 187 71
168 71 176 71
158 71 167 71
146 71 157 71
134 71 145 71
122 71 133 71
110 71 121 71
98 71 109 71
86 71 97 71
74 71 85 71
62 71 73 71
52 71 61 71
43 71 51 71
31 71 42 71
21 71 30 71
10 71 20 71
0 71 9 71
196 68 199 70
191 68 195 69
185 68 190 69
185 70 195 70
173 68 184 68
173 70 184 70
173 69 184 69
167 69 172 70
161 69 166 70
161 68 172 68
157 68 160 70
153 68 156 70
147 68 152 69
141 68 146 69
141 70 152 70
137 68 140 70
133 68 136 70
129 68 132 70
123 69 128 70
117 69 122 70
117 68 128 68
111 69 116 70
106 68 116 68
99 70 110 70
99 69 110 69
94 68 105 68
94 69 98 70
90 68 93 70
86 68 89 70
83 68 85 70
79 68 82 70
75 68 78 70
69 68 74 69
63 68 68 69
63 70 74 70
57 68 62 69
51 68 56 69
51 70 62 70
47 68 50 70
43 68 46 70
37 69 42 70
31 69 36 70
31 68 42 68
28 68 30 70
24 68 27 70
12 68 23 68
12 70 23 70
12 69 23 69
8 68 11 70
4 68 7 70
0 68 3 70
188 67 199 67
188 66 199 66
183 66 187 67
177 66 182 67
171 66 176 67
159 67 170 67
159 66 170 66
153 66 158 67
147 66 152 67
135 67 146 67
135 66 146 66
123 67 134 67
123 66 134 66
111 67 122 67
111 66 122 66
99 67 110 67
99 66 110 66
93 66 98 67
81 67 92 67
81 66 92 66
69 67 80 67
69 66 80 66
57 67 68 67
57 66 68 66
45 67 56 67
45 66 56 66
33 67 44 67
33 66 44 66
22 67 32 67
21 66 32 66
11 67 21 67
11 66 20 66
5 66 10 67
0 66 4 67
194 64 199 65
190 63 199 63
190 64 193 65
186 63 189 65
180 63 185 64
174 63 179 64
174 65 185 65
168 63 173 64
162 63 167 64
162 65 173 65
158 63 161 65
154 63 157 65
148 63 153 64
142 63 147 64
142 65 153 65
138 63 141 65
134 63 137 65
128 63 133 64
122 63 127 64
122 65 133 65
118 63 121 65
106 63 117 63
106 65 117 65
106 64 117 64
102 63 105 65
98 63 101 65
92 64 97 65
86 64 91 65
86 63 97 63
82 63 85 65
78 63 81 65
72 64 77 65
66 64 71 65
66 63 77 63
54 63 65 63
54 65 65 65
54 64 65 64
48 63 53 64
42 63 47 64
42 65 53 65
38 63 41 65
32 63 37 64
26 63 31 64
26 65 37 65
22 63 25 65
16 63 21 64
10 63 15 64
10 65 21 65
0 63 9 63
0 65 9 65
0 64 9 64
188 62 199 62
176 62 187 62
164 62 175 62
152 62 163 62
140 62 151 62
128 62 139 62
118 62 127 62
106 62 117 62
94 62 105 62
82 62 93 62
70 62 81 62
58 62 69 62
47 62 57 62
35 62 46 62
23 62 34 62
11 62 22 62
0 62 10 62
188 61 199 61
176 61 187 61
164 61 175 61
152 61 163 61
140 61 151 61
128 61 139 61
116 61 127 61
104 61 115 61
93 61 103 61
81 61 92 61
69 61 80 61
57 61 68 61
45 61 56 61
33 61 44 61
21 61 32 61
9 61 20 61
0 61 8 61
188 60 199 60
176 60 187 60
164 60 175 60
152 60 163 60
140 60 151 60
129 60 139 60
117 60 128 60
105 60 116 60
93 60 104 60
81 60 92 60
69 60 80 60
57 60 68 60
45 60 56 60
33 60 44 60
21 60 32 60
9 60 20 60
0 60 8 60
188 59 199 59
176 59 187 59
164 59 175 59
152 59 163 59
140 59 151 59
130 59 139 59
118 59 129 59
106 59 117 59
94 59 105 59
82 59 93 59
70 59 81 59
58 59 69 59
46 59 57 59
34 59 45 59
22 59 33 59
10 59 21 59
0 59 9 59
188 58 199 58
176 58 187 58
165 58 175 58
153 58 164 58
143 58 152 58
131 58 142 58
119 58 130 58
108 58 118 58
96 58 107 58
84 58 95 58
76 58 83 58
64 58 75 58
52 58 63 58
40 58 51 58
28 58 39 58
18 58 27 58
9 58 17 58
0 58 8 58
188 57 199 57
176 57 187 57
164 57 175 57
152 57 163 57
140 57 151 57
128 57 139 57
116 57 127 57
104 57 115 57
92 57 103 57
80 57 91 57
68 57 79 57
56 57 67 57
45 57 55 57
33 57 44 57
21 57 32 57
9 57 20 57
0 57 8 57
188 56 199 56
188 55 199 55
176 56 187 56
176 55 187 55
164 56 175 56
164 55 175 55
158 55 163 56
146 56 157 56
146 55 157 55
134 56 145 56
134 55 145 55
122 56 133 56
122 55 133 55
110 56 121 56
110 55 121 55
104 55 109 56
92 56 103 56
92 55 103 55
86 55 91 56
74 56 85 56
74 55 85 55
68 55 73 56
58 56 67 56
58 55 67 55
53 55 57 56
47 55 52 56
41 55 46 56
29 56 40 56
29 55 40 55
17 56 28 56
17 55 28 55
11 55 16 56
0 56 10 56
0 55 10 55
188 54 199 54
176 54 187 54
164 54 175 54
152 54 163 54
140 54 151 54
130 54 139 54
118 54 129 54
106 54 117 54
94 54 105 54
82 54 93 54
70 54 81 54
58 54 69 54
46 54 57 54
35 54 45 54
23 54 34 54
11 54 22 54
0 54 10 54
188 53 199 53
188 52 199 52
182 52 187 53
170 53 181 53
170 52 181 52
158 53 169 53
158 52 169 52
146 53 157 53
146 52 157 52
140 52 145 53
128 53 139 53
128 52 139 52
116 53 127 53
116 52 127 52
104 53 115 53
104 52 115 52
98 52 103 53
86 53 97 53
86 52 97 52
74 53 85 53
74 52 85 52
68 52 73 53
62 52 67 53
58 52 61 53
52 52 57 53
40 53 51 53
40 52 51 52
34 52 39 53
22 53 33 53
22 52 33 52
10 53 21 53
10 52 21 52
0 53 9 53
0 52 9 52
188 51 199 51
176 51 187 51
164 51 175 51
152 51 163 51
140 51 151 51
128 51 139 51
118 51 127 51
106 51 117 51
94 51 105 51
82 51 93 51
70 51 81 51
58 51 69 51
46 51 57 51
34 51 45 51
22 51 33 51
11 51 21 51
0 51 10 51
188 50 199 50
176 50 187 50
164 50 175 50
154 50 163 50
142 50 153 50
130 50 141 50
118 50 129 50
106 50 117 50
94 50 105 50
85 50 93 50
74 50 84 50
66 50 73 50
55 50 65 50
47 50 54 50
35 50 46 50
23 50 34 50
12 50 22 50
0 50 11 50
189 49 199 49
178 49 188 49
169 49 177 49
159 49 168 49
147 49 158 49
135 49 146 49
123 49 134 49
111 49 122 49
99 49 110 49
87 49 98 49
75 49 86 49
65 49 74 49
53 49 64 49
41 49 52 49
33 49 40 49
24 49 32 49
12 49 23 49
0 49 11 49
188 48 199 48
176 48 187 48
164 48 175 48
152 48 163 48
140 48 151 48
128 48 139 48
116 48 127 48
104 48 115 48
92 48 103 48
80 48 91 48
68 48 79 48
56 48 67 48
44 48 55 48
32 48 43 48
20 48 31 48
9 48 19 48
0 48 8 48
188 47 199 47
176 47 187 47
164 47 175 47
152 47 163 47
140 47 151 47
128 47 139 47
116 47 127 47
104 47 115 47
92 47 103 47
80 47 91 47
68 47 79 47
56 47 67 47
44 47 55 47
32 47 43 47
20 47 31 47
8 47 19 47
0 47 7 47
188 46 199 46
176 46 187 46
164 46 175 46
152 46 163 46
140 46 151 46
128 46 139 46
116 46 127 46
104 46 115 46
92 46 103 46
80 46 91 46
68 46 79 46
57 46 67 46
48 46 56 46
36 46 47 46
24 46 35 46
12 46 23 46
0 46 11 46
189 45 199 45
188 44 199 44
177 45 188 45
176 44 187 44
165 45 176 45
164 44 175 44
153 45 164 45
152 44 163 44
141 45 152 45
140 44 151 44
129 45 140 45
128 44 139 44
117 45 128 45
117 44 127 44
105 45 116 45
105 44 116 44
96 45 104 45
93 44 104 44
84 45 95 45
81 44 92 44
72 45 83 45
69 44 80 44
60 45 71 45
60 44 68 44
54 44 59 45
42 45 53 45
42 44 53 44
36 44 41 45
24 45 35 45
24 44 35 44
18 44 23 45
6 45 17 45
6 44 17 44
0 44 5 45
188 43 199 43
188 42 199 42
176 43 187 43
176 42 187 42
164 43 175 43
164 42 175 42
152 43 163 43
152 42 163 42
140 43 151 43
140 42 151 42
128 43 139 43
128 42 139 42
116 43 127 43
116 42 127 42
112 42 115 43
106 42 111 43
101 42 105 43
97 42 100 43
91 42 96 43
79 43 90 43
79 42 90 42
73 42 78 43
67 42 72 43
61 42 66 43
55 42 60 43
43 43 54 43
43 42 54 42
31 43 42 43
31 42 42 42
19 43 30 43
19 42 30 42
14 42 18 43
5 43 13 43
5 42 13 42
0 42 4 43
197 38 199 41
194 38 196 41
190 38 193 40
184 39 189 40
182 41 193 41
178 39 183 40
178 38 189 38
172 39 177 40
172 41 181 41
168 39 171 41
166 38 177 38
156 39 167 39
156 41 167 41
156 40 167 40
154 38 165 38
150 39 155 40
144 41 155 41
144 39 149 40
142 38 153 38
132 39 143 39
132 41 143 41
132 40 143 40
130 38 141 38
126 40 131 41
121 39 131 39
121 38 129 38
114 41 125 41
114 40 125 40
109 39 120 39
109 38 120 38
102 41 113 41
102 40 113 40
97 39 108 39
97 38 108 38
90 41 101 41
90 40 101 40
85 39 96 39
85 38 96 38
84 40 89 41
79 38 84 39
78 40 83 41
72 40 77 41
68 38 78 38
67 39 78 39
60 41 71 41
60 40 71 40
56 38 67 38
55 39 66 39
55 40 59 41
50 40 54 41
44 38 55 38
44 39 54 39
38 38 43 39
38 41 49 41
38 40 49 40
26 40 37 40
26 38 37 38
26 41 37 41
26 39 37 39
14 40 25 40
14 38 25 38
14 41 25 41
14 39 25 39
10 38 13 40
6 38 9 40
2 41 13 41
2 38 5 40
0 38 1 41
190 37 199 37
178 37 189 37
166 37 177 37
154 37 165 37
142 37 153 37
130 37 141 37
118 37 129 37
106 37 117 37
94 37 105 37
82 37 93 37
70 37 81 37
58 37 69 37
46 37 57 37
34 37 45 37
23 37 33 37
11 37 22 37
0 37 10 37
194 35 199 36
194 33 199 34
190 34 193 36
186 33 193 33
184 34 189 35
178 34 183 35
178 36 189 36
174 34 177 36
174 33 185 33
170 33 173 35
164 33 169 34
162 36 173 36
159 35 169 35
158 33 163 34
150 36 161 36
147 35 158 35
147 33 157 33
147 34 157 34
144 33 146 35
140 33 143 35
138 36 149 36
136 33 139 35
132 33 135 35
126 36 137 36
126 33 131 34
120 35 131 35
114 33 125 33
114 36 125 36
114 34 125 34
108 35 119 35
108 33 113 34
102 33 107 34
102 36 113 36
96 35 107 35
96 33 101 34
90 34 95 35
90 36 101 36
84 34 89 35
84 33 95 33
78 36 89 36
78 33 83 34
72 33 77 34
72 35 83 35
66 34 71 35
66 36 77 36
60 34 65 35
60 33 71 33
56 33 59 35
54 36 65 36
44 33 55 33
44 35 55 35
44 34 55 34
42 36 53 36
32 33 43 33
32 35 43 35
32 34 43 34
30 36 41 36
28 33 31 35
18 36 29 36
16 33 27 33
16 35 27 35
16 34 27 34
6 36 17 36
6 35 15 35
6 33 15 33
6 34 15 34
3 33 5 36
0 33 2 36
196 30 199 32
192 30 195 32
186 30 191 31
180 30 185 31
180 32 191 32
176 30 179 32
172 30 175 32
166 31 171 32
160 31 165 32
160 30 171 30
156 30 159 32
150 31 155 32
144 31 149 32
144 30 155 30
140 30 143 32
134 31 139 32
128 31 133 32
128 30 139 30
124 30 127 32
120 30 123 32
114 30 119 31
110 32 119 32
102 31 113 31
102 30 113 30
99 32 109 32
91 30 101 30
91 31 101 31
87 32 98 32
87 30 90 31
83 30 86 32
79 30 82 32
75 30 78 32
63 30 74 30
63 32 74 32
63 31 74 31
51 30 62 30
51 32 62 32
51 31 62 31
45 30 50 31
39 30 44 31
39 32 50 32
33 30 38 31
27 30 32 31
27 32 38 32
23 30 26 32
19 30 22 32
14 31 18 32
8 30 18 30
6 32 13 32
6 31 13 31
0 31 5 32
0 30 7 30
194 28 199 29
194 26 199 27
190 26 193 28
186 26 189 28
182 29 193 29
182 26 185 28
176 28 181 29
176 26 181 27
164 28 175 28
164 26 175 26
164 29 175 29
164 27 175 27
152 28 163 28
152 26 163 26
152 29 163 29
152 27 163 27
146 27 151 28
140 26 151 26
140 29 151 29
140 27 145 28
128 28 139 28
128 26 139 26
128 29 139 29
128 27 139 27
125 26 127 29
122 26 124 29
110 28 121 28
110 26 121 26
110 29 121 29
110 27 121 27
104 28 109 29
104 26 109 27
100 27 103 29
94 28 99 29
92 26 103 26
88 28 93 29
88 27 99 27
82 28 87 29
80 26 91 26
76 28 81 29
76 27 87 27
72 27 75 29
68 27 71 29
68 26 79 26
56 28 67 28
56 26 67 26
56 29 67 29
56 27 67 27
44 28 55 28
44 26 55 26
44 29 55 29
44 27 55 27
38 28 43 29
38 26 43 27
32 26 37 27
32 28 37 29
26 28 31 29
26 26 31 27
23 26 25 29
17 26 22 27
17 28 22 29
11 28 16 29
11 26 16 27
5 28 10 29
5 26 10 27
2 26 4 29
0 26 1 29
196 23 199 25
190 23 195 24
184 25 195 25
184 23 189 24
178 23 183 24
172 23 177 24
172 25 183 25
166 23 171 24
160 23 165 24
160 25 171 25
154 23 159 24
148 23 153 24
148 25 159 25
144 23 147 25
138 23 143 24
132 23 137 24
132 25 143 25
126 23 131 24
120 25 131 25
114 24 125 24
114 23 125 23
108 23 113 24
108 25 119 25
102 24 107 25
96 23 107 23
90 25 101 25
90 24 101 24
84 24 89 25
84 23 95 23
78 24 83 25
72 23 83 23
66 25 77 25
66 24 77 24
60 24 65 25
60 23 71 23
48 23 59 23
48 25 59 25
48 24 59 24
44 23 47 25
32 23 43 23
32 25 43 25
32 24 43 24
20 23 31 23
20 25 31 25
20 24 31 24
16 23 19 25
10 23 15 24
4 25 15 25
4 23 9 24
0 23 3 25
191 22 199 22
179 22 190 22
167 22 178 22
155 22 166 22
146 22 154 22
136 22 145 22
124 22 135 22
113 22 123 22
105 22 112 22
93 22 104 22
82 22 92 22
70 22 81 22
58 22 69 22
46 22 57 22
34 22 45 22
22 22 33 22
10 22 21 22
0 22 9 22
188 21 199 21
188 20 199 20
176 21 187 21
176 20 187 20
170 20 175 21
164 20 169 21
158 20 163 21
146 21 157 21
146 20 157 20
140 20 145 21
128 21 139 21
128 20 139 20
116 21 127 21
116 20 127 20
104 21 115 21
104 20 115 20
98 20 103 21
86 21 97 21
86 20 97 20
80 20 85 21
75 20 79 21
69 20 74 21
63 20 68 21
51 21 62 21
51 20 62 20
45 20 50 21
34 20 44 20
34 21 44 21
28 20 33 21
22 20 27 21
16 20 21 21
10 20 15 21
0 21 9 21
0 20 9 20
194 18 199 19
182 19 193 19
182 18 193 18
170 19 181 19
170 18 181 18
164 18 169 19
154 19 163 19
152 18 163 18
142 19 153 19
140 18 151 18
130 19 141 19
128 18 139 18
118 19 129 19
118 18 127 18
108 18 117 18
108 19 117 19
102 18 107 19
90 19 101 19
90 18 101 18
78 19 89 19
78 18 89 18
69 18 77 18
67 19 77 19
58 18 68 18
58 19 66 19
46 19 57 19
46 18 57 18
40 18 45 19
28 19 39 19
28 18 39 18
16 19 27 19
16 18 27 18
4 19 15 19
4 18 15 18
0 18 3 19
197 14 199 17
193 15 196 17
189 15 192 17
185 15 188 17
185 14 196 14
179 16 184 17
179 14 184 15
173 16 178 17
173 14 178 15
167 14 172 15
167 16 172 17
161 16 166 17
161 14 166 15
149 16 160 16
149 14 160 14
149 17 160 17
149 15 160 15
145 14 148 16
141 14 144 16
141 17 148 17
138 14 140 17
134 15 137 17
130 15 133 17
126 15 129 17
126 14 137 14
120 16 125 17
120 14 125 15
116 14 119 16
110 15 115 16
108 17 119 17
104 15 109 16
104 14 115 14
100 14 103 16
96 14 99 16
96 17 107 17
90 16 95 17
90 14 95 15
84 15 89 16
78 14 89 14
78 15 83 16
78 17 89 17
66 16 77 16
66 14 77 14
66 17 77 17
66 15 77 15
60 14 65 15
60 16 65 17
48 16 59 16
48 14 59 14
48 17 59 17
48 15 59 15
36 16 47 16
36 14 47 14
36 17 47 17
36 15 47 15
24 16 35 16
24 14 35 14
24 17 35 17
24 15 35 15
21 14 23 17
15 16 20 17
15 14 20 15
12 14 14 17
8 15 11 17
4 15 7 17
0 15 3 17
0 14 11 14
188 13 199 13
176 13 187 13
164 13 175 13
152 13 163 13
143 13 151 13
133 13 142 13
121 13 132 13
109 13 120 13
97 13 108 13
85 13 96 13
73 13 84 13
61 13 72 13
49 13 60 13
41 13 48 13
29 13 40 13
19 13 28 13
10 13 18 13
0 13 9 13
196 10 199 12
190 10 195 11
188 9 199 9
184 10 189 11
184 12 195 12
178 11 183 12
176 9 187 9
172 11 177 12
172 10 183 10
166 10 171 11
164 9 175 9
160 12 171 12
160 10 165 11
156 10 159 12
152 10 155 12
152 9 163 9
140 11 151 11
140 9 151 9
140 12 151 12
140 10 151 10
134 11 139 12
134 9 139 10
131 9 133 12
125 9 130 10
125 11 130 12
119 11 124 12
119 9 124 10
116 9 118 12
112 9 115 11
108 9 111 11
104 12 115 12
104 9 107 11
92 11 103 11
92 9 103 9
92 12 103 12
92 10 103 10
88 10 91 12
84 10 87 12
80 10 83 12
80 9 91 9
68 11 79 11
68 9 79 9
68 12 79 12
68 10 79 10
56 11 67 11
56 9 67 9
56 12 67 12
56 10 67 10
50 11 55 12
50 9 55 10
44 11 49 12
44 9 49 10
32 11 43 11
32 9 43 9
32 12 43 12
32 10 43 10
20 11 31 11
20 9 31 9
20 12 31 12
20 10 31 10
14 11 19 12
14 9 19 10
8 11 13 12
8 9 13 10
5 9 7 12
2 9 4 12
0 9 1 12
194 7 199 8
188 7 193 8
188 6 199 6
182 6 187 7
176 6 181 7
176 8 187 8
172 6 175 8
168 6 171 8
156 6 167 6
156 8 167 8
156 7 167 7
152 6 155 8
148 6 151 8
142 6 147 7
136 6 141 7
136 8 147 8
132 6 135 8
128 6 131 8
116 6 127 6
116 8 127 8
116 7 127 7
112 6 115 8
106 6 111 7
100 6 105 7
100 8 111 8
94 6 99 7
88 6 93 7
88 8 99 8
84 6 87 8
78 6 83 7
72 6 77 7
72 8 83 8
68 6 71 8
62 6 67 7
56 6 61 7
56 8 67 8
52 6 55 8
46 7 51 8
41 6 51 6
34 8 45 8
34 7 45 7
33 6 40 6
23 8 33 8
23 7 33 7
23 6 32 6
19 6 22 8
15 6 18 8
11 6 14 8
0 6 10 6
0 8 10 8
0 7 10 7
194 4 199 5
188 4 193 5
183 4 187 5
179 4 182 5
173 4 178 5
161 5 172 5
161 4 172 4
149 5 160 5
149 4 160 4
143 4 148 5
131 5 142 5
131 4 142 4
119 5 130 5
119 4 130 4
107 5 118 5
107 4 118 4
95 5 106 5
95 4 106 4
83 5 94 5
83 4 94 4
71 5 82 5
71 4 82 4
59 5 70 5
59 4 70 4
47 5 58 5
47 4 58 4
35 5 46 5
35 4 46 4
29 4 34 5
17 5 28 5
17 4 28 4
11 4 16 5
0 5 10 5
0 4 10 4
188 3 199 3
176 3 187 3
164 3 175 3
152 3 163 3
140 3 151 3
128 3 139 3
116 3 127 3
104 3 115 3
92 3 103 3
80 3 91 3
68 3 79 3
56 3 67 3
44 3 55 3
32 3 43 3
20 3 31 3
9 3 19 3
0 3 8 3
196 0 199 2
192 0 195 2
188 0 191 2
182 0 187 1
176 2 187 2
176 0 181 1
170 1 175 2
164 0 175 0
158 2 169 2
158 1 169 1
152 1 157 2
152 0 163 0
148 0 151 2
142 0 147 1
136 2 147 2
130 1 141 1
130 0 141 0
124 2 135 2
124 0 129 1
120 0 123 2
114 0 119 1
108 0 113 1
108 2 119 2
104 0 107 2
100 0 103 2
88 0 99 0
88 2 99 2
88 1 99 1
84 0 87 2
80 0 83 2
74 0 79 1
68 0 73 1
68 2 79 2
64 0 67 2
58 0 63 1
52 0 57 1
52 2 63 2
48 0 51 2
43 0 47 1
37 0 42 1
37 2 47 2
33 0 36 2
29 0 32 2
23 0 28 1
17 0 22 1
17 2 28 2
11 1 16 2
8 0 16 0
5 1 10 2
0 1 4 2
0 0 7 0

