2 99 24 
2 238 233 
2 235 139 
2 188 5 
2 248 142 
4 54 88 109 147 
2 6 71 
2 20 67 
2 254 269 
2 124 155 
4 41 294 37 153 
2 128 23 
2 29 163 
2 228 1 
3 134 193 267 
2 250 206 
2 202 242 
2 78 288 
2 287 223 
2 76 196 
4 107 213 117 22 
2 266 43 
2 104 126 
2 82 181 
2 289 141 
2 28 157 
2 56 44 
4 245 282 51 77 
2 81 152 
2 61 12 
2 232 98 
4 125 224 278 132 
4 244 271 100 247 
4 214 185 9 274 
2 70 205 
2 138 106 
2 237 42 
2 209 73 
2 239 243 
4 217 68 208 175 
2 283 131 
4 198 281 222 17 
2 158 112 
2 14 27 
2 219 59 
3 174 241 183 
2 160 201 
2 32 25 
2 102 295 
2 298 140 
2 10 16 
2 89 101 
2 50 258 
2 40 111 
2 114 119 
3 261 284 165 
4 39 121 291 46 
3 204 207 130 
4 57 277 169 2 
2 83 265 
3 171 91 151 
3 146 170 211 
3 144 96 149 
4 58 285 280 231 
4 105 79 229 189 
4 246 220 263 84 
4 276 273 69 257 
2 236 197 
4 92 19 191 93 
4 62 15 264 178 
2 177 190 
4 133 150 64 279 
4 60 113 199 55 
4 203 290 230 253 
4 259 136 38 166 
4 200 226 240 52 
4 7 95 3 176 
3 11 48 123 
4 137 74 66 186 
4 210 21 270 173 
4 18 63 122 255 
2 35 154 
4 34 148 172 268 
4 75 225 53 118 
4 8 227 86 45 
4 13 260 120 194 
2 292 272 
4 127 218 182 49 
4 275 161 192 30 
4 85 80 262 94 
4 116 4 129 90 
4 180 249 47 293 
4 108 72 215 143 
4 159 156 251 135 
4 216 212 299 187 
4 167 296 145 297 
4 168 110 286 97 
4 164 162 26 195 
4 0 87 31 252 
4 184 103 115 256 

