6 6520 1131 5618 4308 4926 9058 
9 9702 8192 101 5320 9739 3327 6388 6991 3762 
2 262 4949 
4 2007 165 7964 2671 
5 8452 3337 5508 220 8677 
2 4144 7632 
7 9099 1216 738 5840 9336 590 8232 
6 4898 1118 3652 9726 4239 3346 
2 6363 1880 
4 8606 8633 5647 7509 
4 7003 8525 2312 2509 
2 3905 1562 
6 2693 2684 251 5467 9796 8723 
10 5864 1709 8284 7275 5597 5117 8333 1304 3644 2090 
3 5317 6152 2853 
9 7329 6129 4380 8837 6187 5946 4448 2251 2836 
3 8070 3611 8275 
3 7904 9062 6111 
2 2343 5903 
7 2298 8202 9616 8607 925 5408 3069 
7 1480 5949 1462 5900 1718 3189 4243 
10 7882 657 3179 7744 7261 5630 2839 242 1510 5865 
4 881 2359 2768 180 
8 8160 5608 4516 6217 2823 2773 9834 6434 
4 6830 5343 5020 1254 
5 3187 3330 9875 6350 3637 
13 7028 8334 7854 8946 1915 6355 2127 2287 1127 1149 7593 5078 9536 
2 7314 9287 
3 1817 8345 6693 
4 9011 5573 644 1653 
8 39 816 213 5404 4844 7918 6258 2770 
6 2491 7524 2408 6358 1343 4726 
6 8038 6600 2381 9257 8622 2530 
4 8991 879 9532 7667 
6 9509 1642 1091 5545 7820 5244 
7 3864 8478 1231 6093 7753 3523 8377 
2 6462 4471 
5 2735 5444 1087 7192 6539 
4 6072 5742 1093 5423 
8 5739 8702 5640 2083 6210 5144 845 1829 
2 9764 2851 
2 6548 1190 
3 7182 7111 6390 
3 2288 7713 8499 
13 9503 1269 2648 8672 9756 7947 6250 1279 8751 4760 5118 4961 7539 
7 9624 5635 8026 1842 7248 5975 7391 
2 6581 9360 
9 3198 995 5463 6302 9290 5937 8503 4490 231 
6 2881 8303 8572 6819 5633 8054 
9 1721 384 6933 2125 7359 652 3545 8057 3711 
4 4998 3620 5616 8216 
9 6362 7835 6725 1935 6246 2940 5364 4683 2145 
2 6382 8000 
5 4303 257 181 7112 3950 
2 7476 7600 
6 558 31 4753 26 4922 1966 
3 4996 3020 9921 
2 3134 247 
4 5437 2677 5176 9387 
9 7966 3733 1014 7577 6545 3825 5592 20 5449 
6 1107 1071 7721 5819 1905 299 
10 7347 6397 4015 9732 5461 4422 6535 9527 4354 3259 
8 605 4500 968 2433 5024 5003 1056 4759 
10 8732 264 7268 3413 3898 2880 2389 7011 7615 1403 
10 8239 4275 4199 2342 7427 9129 5790 8222 5459 8375 
1 6834 
5 6740 2330 4042 5446 4783 
5 5377 3193 25 3850 7969 
2 129 5071 
2 4532 9693 
7 5426 8471 2877 5977 3455 8414 611 
4 3311 5332 4965 6018 
8 134 1821 2193 6322 6314 3860 2755 3626 
8 1594 5563 7943 3928 4160 1277 9850 5854 
2 1725 7522 
4 9489 9997 9745 8618 
2 9444 2528 
2 5763 9515 
10 2984 8857 748 2428 4373 9840 7089 3679 2579 8260 
9 7373 578 6648 9083 1724 1094 2544 6444 1881 
8 2787 6371 3011 836 8959 6339 5629 9849 
2 928 9824 
7 5156 4000 8998 9601 1003 7358 8939 
2 5625 7482 
6 7280 5296 4757 2488 9922 9931 
2 8885 1626 
10 854 5914 9784 5010 7878 7989 430 6065 2049 7559 
3 613 5821 9573 
1 2591 
4 4301 5272 4040 7093 
2 8464 9803 
2 1773 4604 
4 5321 2344 5454 240 
9 8721 9026 8954 9533 8199 7906 8201 4210 9993 
2 9897 218 
3 2134 8865 3000 
10 3508 71 911 7705 6661 5435 4747 5202 7138 7219 
7 4087 1027 8753 5410 5029 3422 3456 
3 4924 4646 1452 
5 9100 7119 2722 5811 2840 
8 2605 1736 6154 4447 5098 807 8543 5874 
4 2204 1847 224 6461 
6 5679 6441 5274 4013 3048 6011 
2 8048 978 
5 5593 2594 1808 6063 5398 
4 9751 7971 6452 6127 
6 5997 1919 9365 8947 5606 6533 
4 9451 3246 7590 9938 
1 3491 
2 3887 9380 
6 2918 8538 7337 9296 9354 3914 
8 5452 9735 7691 233 2533 5470 2897 4650 
8 1680 2629 1095 8424 9766 2914 6997 9472 
4 2147 7909 8891 6624 
1 1545 
6 8868 2308 9588 1285 1295 6342 
4 2692 5450 5767 9914 
3 5151 1015 390 
6 3215 1219 1659 8535 9069 623 
5 723 8162 9170 9915 7459 
5 4184 3202 8397 7304 3378 
7 4029 4005 4484 8971 7781 2865 0 
8 205 324 2475 5095 18 2730 5149 4538 
2 3625 4557 
2 5604 7239 
6 8893 9307 5775 5030 8304 1060 
2 5424 464 
6 3877 4181 389 6230 9250 2628 
7 2959 594 6384 9399 1366 1865 2373 
8 7387 2812 9676 2830 2540 6433 59 8217 
3 7892 7410 7742 
10 2382 3161 6564 4931 3884 707 2494 9119 44 3713 
3 103 6060 4865 
7 3962 3890 9661 9668 1083 4925 7405 
5 1691 5961 3301 4320 5688 
9 4135 2668 3822 5493 8913 9883 5455 2724 9461 
8 5950 7152 3996 8356 6348 441 8463 6300 
6 698 3926 453 7731 4614 9203 
5 7196 9750 985 1380 5859 
2 8667 2758 
8 631 4972 1 973 7121 7533 7163 859 
10 3256 5561 6904 6282 2485 1825 1585 7059 3903 8870 
2 8749 1339 
8 4148 229 8780 6212 5175 9599 5896 3097 
4 7318 1427 6323 7252 
2 2122 1344 
2 288 1284 
7 6724 8670 4476 9067 5784 7723 9311 
5 3630 4779 9891 2098 8349 
6 6169 6158 6717 9567 2363 9476 
5 3265 4022 8308 9568 480 
13 2863 9474 8017 9381 6274 1478 1623 6046 7290 5718 1185 7024 1575 
2 619 835 
2 8565 6527 
5 5833 1481 6505 2070 6994 
4 2499 3389 1559 9711 
11 4450 3767 3801 7332 7833 2915 5634 5855 6612 8540 3322 
3 1188 3120 8847 
2 3749 962 
5 3206 1699 7828 9123 9312 
10 1572 5330 2759 2226 4010 8532 579 8666 914 8887 
2 6935 3367 
7 1666 351 6306 3690 8552 4962 2238 
2 8402 8235 
4 6181 7460 2253 7281 
4 2289 5652 562 7057 
4 9788 4559 5121 1569 
2 1816 3086 
10 8786 1282 1852 2966 1444 1077 5325 6112 8454 8964 
4 2198 8189 1225 1956 
4 6514 8726 2606 6918 
12 1989 4212 625 3363 7736 9659 8206 5322 6650 418 1120 4203 
4 6689 4624 685 948 
9 8244 4175 6627 8311 3128 1301 2421 8884 2521 
5 4460 9358 641 7264 2165 
7 6012 6692 5669 5643 5714 8278 452 
4 6145 8433 1293 6934 
2 2261 5254 
3 3940 7990 3755 
13 6729 6484 1416 2063 581 3312 5475 6311 8332 2202 5225 5543 2659 
2 7253 7432 
6 2806 8623 4729 421 7968 5266 
9 3139 584 8704 789 54 2998 9032 7997 3224 
4 8762 3229 207 6221 
11 171 7195 3659 2333 78 2619 8815 5753 7044 302 9184 
6 19 4802 356 2793 9919 5969 
5 6102 5232 9507 3184 6828 
8 4647 2481 1213 5536 5964 2922 6242 9243 
4 6108 4364 9770 1375 
6 4735 7842 913 6445 160 8301 
4 7181 9829 2138 5672 
7 4163 5222 3955 7688 8430 8862 2816 
12 8736 3145 7671 5506 1622 7722 7295 143 6351 630 3064 144 
6 7105 3252 3536 6229 3883 4841 
3 2112 5441 7813 
4 3163 7778 888 1018 
9 380 7782 3041 8295 1379 9531 8802 1730 7173 
7 4942 6116 2592 4122 548 6439 9776 
4 5481 5985 2376 8558 
8 654 3702 2820 4577 7739 136 5456 2794 
10 4572 4950 1289 5345 4019 13 6099 5485 4719 8350 
4 1823 2815 3115 616 
6 5619 5307 5434 8740 5575 8036 
3 7937 9637 8091 
9 7798 2726 6295 341 3452 7288 8238 9677 6524 
8 3061 4438 9028 3407 6049 1088 4662 3712 
8 3117 3225 1582 4956 7437 6096 5474 7565 
4 1586 9644 4678 1972 
4 2272 2406 8668 7581 
4 1374 8934 994 9484 
3 3705 9885 4446 
9 8167 8788 1706 5661 2595 4671 5179 1157 9794 
6 4884 8929 7168 3427 7039 3526 
2 5505 2669 
2 7970 89 
2 3982 1855 
4 5072 6917 5471 7001 
6 7205 4412 2370 1805 4142 6750 
2 2522 2709 
4 6480 8237 1668 766 
4 2662 3694 9569 5037 
8 3173 8153 3777 6262 8641 1347 5988 632 
2 9097 6768 
4 1486 9385 8019 1173 
7 9689 4140 4554 2848 3402 5726 2909 
3 4220 6889 9956 
4 2512 5649 5250 1000 
8 8767 8571 5190 1156 6288 3856 3664 8674 
2 7293 4793 
3 2978 7655 3286 
7 8625 4599 5762 9004 3863 7183 4324 
8 2379 762 8417 4540 3185 9499 4185 8850 
6 9447 6617 8523 8508 4432 3838 
8 1057 2690 3431 5312 9465 2843 7996 757 
5 8046 1614 9396 6417 3350 
6 2242 3186 6266 471 9638 2618 
2 2119 1998 
7 3310 8097 1172 4116 4350 1360 4732 
8 3828 5909 5084 432 7241 307 5047 1136 
4 5260 1204 3723 2845 
4 946 6405 6999 5544 
8 8745 4100 2879 2002 7527 8265 7617 1207 
5 9979 5540 4479 1633 9350 
2 2082 5968 
4 4340 8490 4795 3063 
4 9663 6665 2993 2318 
5 9944 489 3824 5127 3643 
6 6526 2283 1525 8384 9990 770 
6 3090 822 4095 322 9591 1212 
8 9648 8949 9953 1636 8106 8818 4951 5046 
3 1908 8632 2486 
7 1119 4339 5157 7154 443 8797 8013 
10 4944 8793 900 7859 3715 8137 7606 5110 7855 2163 
9 6495 7068 7291 8340 4361 7368 3344 1646 2658 
6 8784 6207 6349 3902 3617 1425 
8 2646 7408 3965 8083 263 1708 3780 3386 
4 9880 3614 7992 9120 
8 6131 8218 9600 2747 5825 2069 4156 1939 
8 4673 4636 5894 6028 1663 9281 4268 5275 
7 964 8341 2545 2487 9404 3595 2610 
2 9158 820 
5 7228 8838 2358 3945 2152 
8 6792 6256 9391 3835 6700 3412 3284 8276 
8 4810 3503 469 8541 8299 2310 1258 4041 
7 3515 5141 336 4151 5960 5048 5224 
6 3548 9721 7402 6019 8648 2554 
4 6055 9456 359 8596 
12 2517 5066 5339 7756 7584 5148 5644 690 9811 1454 6487 1677 
11 5664 9810 5136 2811 1234 3042 2529 6701 1662 3204 4393 
4 9586 6681 7762 492 
3 8087 1705 2223 
2 6 7069 
2 9780 2983 
2 7741 3560 
5 5674 1376 6644 8507 3517 
6 2400 6801 3848 5035 811 5926 
11 4575 7720 6386 764 7675 4680 8907 1976 7771 8441 383 
2 3980 4321 
6 938 6744 8394 2894 1722 7980 
2 8353 4027 
5 5044 5683 1961 8866 6226 
2 204 7700 
5 2741 4138 6521 9206 2450 
4 7787 1889 6595 6518 
8 9455 8281 5572 6962 9384 9999 4723 664 
6 5908 267 2097 6113 7404 3562 
7 6491 7379 3809 1341 4286 3043 270 
9 1554 628 829 6499 1129 304 2697 6453 5884 
5 1270 7945 6845 9326 2563 
4 825 2172 7589 2786 
5 8785 6676 4492 4695 3514 
9 3213 80 8432 5736 7279 5412 6594 5293 4716 
6 6902 8940 3071 8319 2564 6492 
2 164 3638 
5 461 3341 8364 9747 5697 
6 5626 6327 4612 2353 3975 7393 
4 7285 7362 4700 3238 
11 9967 6932 386 9029 7746 4381 345 2822 1226 79 6569 
2 7146 3014 
6 8251 3504 2197 5331 1547 2210 
4 6621 4573 5370 2252 
4 1459 8605 722 4193 
2 4189 3288 
4 4298 5376 1242 6632 
5 4054 8374 1318 4817 3897 
6 1041 97 4337 8888 1643 7986 
2 7431 6090 
7 8683 6611 4971 9714 2457 4338 6400 
2 8655 5979 
5 4306 535 763 3026 4891 
7 8272 1426 5581 1495 4600 6032 3313 
2 3721 5646 
6 7536 5088 5416 1923 3035 5973 
4 7133 8365 790 4296 
5 3359 7809 1085 2334 8002 
9 7711 1192 9231 2654 6501 1931 9172 2169 9005 
6 7267 3788 7638 1016 6467 8789 
10 8458 5885 525 148 5531 9259 1540 1602 8120 7472 
10 3868 5460 8879 6664 3305 3727 3934 3458 8942 60 
4 2269 3478 2764 2130 
2 6281 773 
9 1215 9920 3119 8297 5932 651 9063 7899 5501 
7 9540 7053 7374 4402 8080 3931 2704 
2 7345 1022 
4 447 1764 1174 4057 
5 3487 1385 392 3745 3081 
7 2721 5599 5395 4506 6087 6010 7834 
3 7438 2053 4023 
2 4249 8994 
7 9742 6463 3028 1327 1210 1573 7348 
5 1934 7516 5524 6591 4778 
8 1433 5382 1073 43 8619 2055 6419 3153 
6 8016 486 1652 9024 5399 4271 
2 448 7036 
7 2316 4936 4811 6761 8716 3084 7395 
7 5895 9608 1522 3356 5230 70 4348 
2 2018 437 
5 7394 4584 6795 7175 2273 
2 7322 3870 
5 4872 4772 4987 3525 8684 
7 6227 9949 9708 8923 4823 8331 9088 
4 7487 2609 2019 1446 
4 4127 2862 124 1892 
4 8718 8594 2617 391 
3 8156 2463 2148 
4 6470 3687 5138 8957 
6 1155 2946 6465 2326 8363 2321 
11 6353 1932 996 9639 9621 8411 6104 7898 926 2625 5817 
4 1975 1253 1020 1230 
4 9814 3688 6080 4241 
6 539 8999 6014 4752 3488 5173 
8 3091 7330 5490 8676 7450 4390 3656 9304 
6 8124 9862 6911 6559 7586 2307 
6 9220 3927 5788 176 4378 1288 
4 5694 2212 7641 3857 
2 5794 6517 
8 7501 3805 5348 2196 3180 1350 899 8131 
2 1286 7458 
5 7653 3388 8825 5063 3792 
6 1367 9525 8195 4968 3954 2627 
4 9144 3566 8121 9723 
6 446 9998 8808 2139 5269 6153 
3 1322 2866 1064 
6 2155 1849 5492 9970 4319 818 
5 694 3741 5361 6976 4640 
7 6855 6214 7751 9294 6955 4133 1038 
12 8343 2178 3919 600 9798 6074 5349 3324 6241 2873 1404 8100 
9 4074 7200 3635 6817 2133 1526 7783 3730 4908 
4 4112 6603 4691 8712 
1 3737 
5 4981 2649 8598 8422 6687 
3 2056 1135 5891 
6 9986 7954 3858 4416 2926 6185 
2 8143 8253 
10 5984 1814 7983 1490 1333 82 5432 431 1887 1507 
9 5480 5284 609 1153 4769 6335 869 4047 1080 
3 3494 1439 4399 
3 2142 2445 2038 
4 5658 684 5580 8119 
9 8079 9055 107 592 7568 3558 7938 6136 840 
3 7496 1868 1009 
3 5159 4530 8147 
6 8778 9960 3911 5918 784 5311 
2 4845 5886 
5 3703 7767 8526 9909 7441 
7 559 1529 4052 3012 8685 1813 8196 
15 3623 7176 8741 6146 1624 2582 7844 4333 3917 538 2131 7623 8123 1962 2322 
2 5898 3207 
7 9657 7383 7113 3771 325 9448 2868 
4 8248 1751 2597 3274 
9 9437 1732 3507 8066 8473 6993 3347 3836 4269 
2 7806 8824 
2 2374 6686 
5 7100 3820 2698 9765 7951 
5 427 1682 8654 5842 5953 
4 9612 5281 7519 4374 
7 8072 7479 8358 2478 5758 2203 4622 
7 5393 258 1599 648 8078 9878 3984 
4 6943 6365 3941 7467 
9 4789 4730 8846 2100 1698 5555 504 7390 4277 
