5 4032 1447 8527 2718 6135 
10 466 7535 2180 5607 6080 3589 1891 7903 8941 1533 
2 2634 1185 
3 2953 7153 3580 
8 3171 4668 8428 9331 5120 3717 8501 9138 
1 9307 
3 3578 9768 4708 
4 7780 6308 6008 697 
3 5956 3308 9154 
5 4243 9534 6403 1578 4625 
5 516 8132 1345 3422 2007 
5 987 9834 7052 8548 4300 
4 6215 1409 9422 7820 
4 9389 2530 6573 3818 
4 8489 8542 2786 7577 
6 281 830 2454 7319 1522 2367 
8 7190 8677 3010 8190 4427 9782 8216 8167 
6 2135 6016 2477 2019 8024 233 
6 2893 5202 505 3041 8959 8694 
2 224 362 
8 1366 985 3351 9082 7791 9950 5029 4087 
3 5629 7601 7502 
6 1215 7250 2041 6546 6537 3375 
11 1126 4778 4333 9503 7303 1811 8929 195 396 7951 5690 
14 7694 8862 5974 4669 6998 179 4653 6089 9449 8308 4380 8619 7772 7326 
2 283 3767 
6 167 5767 3113 4767 9697 825 
8 6190 4676 9611 7435 5960 4526 3918 4644 
8 1724 239 5633 3207 2670 3024 7839 2894 
2 8982 4977 
6 6595 1698 6052 1350 2249 4916 
6 9488 9254 9387 6196 2528 849 
2 6492 8311 
7 813 6476 6259 9341 1580 5780 3531 
5 9177 8558 8195 8110 5561 
7 5964 4563 1455 6320 5849 7165 7063 
6 6224 4862 3586 1601 6264 8194 
4 6071 2461 5284 9643 
6 1073 8353 6332 9900 8945 2155 
1 6055 
7 9025 2444 2807 2895 3159 8964 7162 
2 6284 3517 
2 5173 5255 
3 6002 2516 6479 
8 8101 5776 3994 4138 1991 1027 2016 7456 
4 4064 7123 6960 3595 
7 9658 4663 6694 8810 4268 537 2980 
7 2574 9716 8070 9100 341 5481 7649 
5 6280 8775 8715 2582 5638 
5 3032 129 6723 5050 4821 
3 8983 9918 7885 
6 105 3311 4998 6235 8351 5921 
6 3358 1279 6828 4490 2938 6017 
6 7109 7405 8488 5853 8583 1993 
8 567 361 7168 442 9572 1859 3289 7559 
3 39 5300 9527 
4 5760 9690 749 447 
6 5304 5399 8928 7978 1851 2719 
2 853 5738 
7 6727 1439 6342 9374 282 2907 7917 
6 921 2612 8298 7806 3366 9204 
6 9184 4134 6786 3200 3474 5987 
7 9545 7228 6774 3906 2848 277 5991 
3 772 5489 4915 
3 2742 7604 4131 
2 8680 9799 
8 6428 5305 47 166 2776 9847 2296 6588 
6 8273 7477 856 3769 5398 7911 
4 6771 8160 2810 1911 
7 7163 6522 1838 2386 6390 2565 9343 
5 8342 9080 2537 6843 2423 
3 6598 1791 1637 
6 5028 274 5257 3101 8879 5953 
3 1939 8893 6246 
7 8976 5594 1273 8772 1227 4877 3504 
3 1743 9924 9700 
5 9696 8891 8037 3059 5618 
3 7309 5365 4361 
2 4613 511 
4 9236 777 3381 3876 
2 7956 7264 
13 4845 4693 5995 5437 9869 9579 2969 9829 6737 6587 4111 5851 9354 
6 2245 742 8729 2691 4291 4964 
11 9543 7891 3889 428 8866 6081 9253 3712 1106 6498 1154 
5 1519 5152 7470 3808 5707 
6 6951 2387 4023 1841 4683 4789 
5 4776 9638 2498 7322 1778 
8 9874 121 5549 8187 4556 5007 4256 9255 
3 7966 2879 4978 
2 3081 63 
3 7804 8640 2288 
1 98 
5 7776 79 624 9403 5033 
5 9715 9705 3168 1473 7688 
4 3980 9860 6074 496 
7 9026 5657 932 6316 4680 9015 2406 
3 4600 3008 6164 
3 9766 3530 3436 
10 6263 6545 6654 4532 6203 1727 5915 2532 4643 9724 
3 3115 5591 2254 
4 9233 5992 7996 8932 
2 3237 2494 
2 7850 6148 
4 7945 2901 5044 4747 
5 4780 5212 7373 7657 5065 
6 5034 6633 7399 2493 5410 4881 
4 3508 9707 4775 3399 
3 1357 9962 6625 
7 6509 7171 3274 8895 1875 8770 2291 
2 6830 8799 
6 5924 8792 5161 9094 638 85 
6 6304 2450 2743 4224 4619 9600 
10 5327 9570 844 1232 5819 1877 9934 9645 547 7260 
6 1285 2457 5961 8065 8479 6441 
8 5705 6253 8550 423 9226 5785 5845 1199 
5 4029 2438 2957 9388 9481 
8 9055 5498 5640 3497 4429 2094 1559 3006 
5 7003 4959 5621 6179 8465 
4 6635 4352 3045 4275 
7 5477 5221 5787 7934 518 3071 3642 
9 851 4420 7825 7892 4702 6532 2267 5970 1298 
6 477 9072 6157 7178 3279 5486 
3 5280 9161 2388 
4 5827 6734 4923 7341 
4 3690 4832 8682 6172 
6 4980 9293 3355 8374 5635 8009 
5 8143 9906 5357 7841 7049 
7 7877 1686 6662 1270 3404 2620 7492 
3 347 6865 7593 
6 2190 1703 6293 8092 4254 2451 
4 3668 641 8180 7187 
3 5298 7718 8385 
4 1809 5560 5649 8618 
4 6448 2099 8225 6279 
4 3348 5250 5473 5107 
3 3193 9423 8636 
6 6303 9748 7654 655 9827 5211 
7 6387 9807 9911 5094 3826 8416 5517 
9 3181 2796 8275 3218 2431 8819 1653 1071 2338 
5 7560 5963 4972 4353 6413 
5 3073 6394 7837 4771 4347 
10 8150 2131 2492 5627 672 3965 65 6189 4762 5644 
4 4774 3910 3588 6491 
2 8978 3227 
5 5696 1799 1500 4411 7010 
1 7368 
4 5468 3593 5527 1648 
5 1988 9074 6626 1954 582 
6 1044 9923 7562 1930 730 8805 
7 9964 5367 2856 5432 5928 2985 711 
6 4940 9650 6447 1235 6955 4188 
4 6469 9608 8596 1766 
5 3179 5092 1655 8514 5392 
4 1630 6637 5681 7907 
9 9434 9487 7585 8707 9493 5930 7270 3857 7234 
4 6060 5513 6513 870 
2 5294 7414 
5 5728 6921 7726 946 4659 
6 933 3282 7263 8771 574 1508 
7 5910 1699 2902 1323 9607 578 419 
4 8809 9301 7968 3748 
2 6053 7722 
6 6186 2125 8521 3072 9163 960 
5 1566 8981 7930 4699 4690 
1 7364 
5 5816 5515 6217 6974 9941 
5 6875 5471 1981 8270 7775 
3 1624 9679 9510 
6 5788 4463 2844 5870 4995 7134 
10 4219 7151 7637 959 1912 1790 9349 4897 7861 9841 
6 2198 796 8743 7608 5562 2630 
5 1628 4979 587 9995 6014 
6 4446 8064 5765 491 4791 2149 
5 9813 2115 6619 9580 2107 
8 2401 7932 8777 9134 7926 4540 2716 411 
4 7258 861 9968 9784 
3 4076 6852 531 
4 7393 5735 4956 4331 
4 5089 2467 3444 4502 
3 3090 6249 6906 
1 7774 
8 4737 6158 4912 9148 9170 8360 845 2623 
3 5651 2814 9932 
5 8995 6449 4872 6732 4037 
3 8825 8151 7887 
5 3963 6526 8589 9296 124 
7 1322 8938 8287 5016 2197 7004 3048 
1 5453 
7 1436 9427 1762 7923 6076 6327 9418 
6 6517 7741 3467 4913 4682 7796 
3 2017 9767 2791 
3 9114 1428 3082 
6 1942 8046 9143 2213 9452 3021 
3 8580 9342 8392 
4 8229 9102 951 2661 
3 8701 9713 9895 
5 6233 5158 9987 6673 1445 
4 3971 2543 9905 1177 
4 450 3534 5553 6090 
4 373 6426 8524 9604 
9 4694 4945 1457 6165 8427 6503 6061 4875 6173 
5 6525 5667 4339 6639 9982 
4 4812 3062 4063 6755 
1 7690 
3 1787 7034 9969 
4 9347 4866 6942 9770 
7 3284 9712 5231 5897 9882 119 4707 
2 9684 5193 
6 2868 2260 4604 7858 8317 2518 
5 2437 6782 7938 7747 8314 
9 4788 3222 4007 1107 1356 8043 5715 3796 470 
5 9029 10 5789 6898 8443 
7 6975 1917 4061 8510 4097 2936 5208 
2 2581 5674 
2 5025 1793 
5 4297 1765 6240 4965 2994 
6 3353 5940 7622 9686 6038 6405 
5 4194 3414 5792 9652 7641 
7 2931 7518 7002 3074 5021 3901 1921 
4 3639 1336 8388 973 
6 3579 8565 6059 9244 7537 8816 
3 2347 4635 9837 
4 4899 8648 287 9914 
5 6754 5314 7997 4014 7272 
5 5177 1943 4235 9410 2668 
4 1562 1763 3913 6575 
3 4416 4714 5273 
9 7724 8584 308 4820 8061 7294 6542 1738 7756 
5 5379 5582 8672 5184 5269 
6 6388 9271 9602 8164 7854 4594 
4 120 4412 4364 9958 
4 6710 2333 1665 8696 
6 3155 8490 4270 6663 3555 9558 
10 4066 2235 1353 9306 9879 5359 6490 8744 9802 6627 
2 2363 8096 
3 1303 3080 2809 
2 9404 126 
3 1916 4712 2103 
2 8067 5988 
4 1230 9045 9838 2681 
6 5206 4199 279 3649 2088 8629 
7 316 7729 3601 7246 1315 4793 2349 
5 2872 4326 8802 6798 5823 
4 5199 7544 7602 6202 
3 6903 8520 4576 
3 7106 3870 6835 
4 5171 9490 8487 2497 
3 5216 4516 3952 
1 2436 
10 288 5497 9319 1658 6667 3226 2959 5227 1268 3107 
3 1668 8918 2217 
2 9536 9741 
4 4718 8230 1513 4171 
4 9237 5032 5042 7899 
6 7473 564 8813 5698 7947 2480 
6 2992 6020 7665 8632 6371 900 
7 8645 5015 9399 6909 9164 7789 6301 
4 9380 7407 3457 1627 
5 8734 4846 1550 8784 4901 
1 7534 
5 7227 5419 3885 8516 9346 
4 5110 6881 5470 1868 
3 186 2587 503 
4 199 64 6495 6730 
6 4054 3576 2246 7194 3970 4678 
5 8755 9863 8539 7655 8753 
4 6699 2402 6408 694 
7 2648 6493 6338 7386 5985 3872 6121 
2 1454 6614 
5 668 4366 5677 1212 9109 
2 9512 6804 
6 8328 9162 2340 9555 9431 4184 
1 1596 
2 2974 7207 
8 1749 8702 3566 1881 2862 677 6722 6091 
3 6483 7959 3116 
3 4359 8774 4539 
3 7920 4222 7886 
8 7427 1076 5501 8291 9805 2789 2956 5885 
5 207 4608 7164 2850 3386 
6 3056 8916 3829 6969 2134 2504 
6 6935 1420 6458 898 8265 9478 
4 3487 8637 5418 6784 
8 301 1820 937 7705 4512 2067 1739 6422 
4 4815 6907 1136 2611 
2 9480 6596 
3 2520 4058 5723 
7 5081 9563 5864 3985 4337 8307 6496 
3 4976 7121 3232 
2 9018 2783 
4 2035 8127 6806 8909 
7 7284 8597 4198 8533 480 3202 3708 
8 6747 9020 1385 2567 9615 5285 3188 7348 
16 6677 1419 4378 8836 2990 6943 7048 5950 4798 5196 9001 4962 824 439 1367 1635 
3 4320 2942 7540 
7 2826 6334 1974 6883 6012 7908 6632 
3 5619 714 5320 
5 7001 3372 2514 6133 6680 
6 7975 6689 7827 8387 9866 3634 
5 3496 9912 1678 6656 9192 
5 8763 2385 7422 6271 1651 
11 6117 795 9089 7586 4470 4369 7107 3540 9544 7817 7936 
5 5061 2964 8484 2952 869 
6 9808 2551 5551 3057 1773 519 
5 4529 3814 2925 4605 6088 
4 7064 2556 8631 9358 
1 819 
3 2839 9285 8395 
2 6142 9212 
4 5665 5317 9873 8062 
3 3615 3285 6065 
4 8678 1510 7683 6787 
1 8670 
5 7675 2427 6833 3106 7460 
4 160 5685 6435 2659 
3 9523 7555 2084 
3 6932 7801 592 
3 2276 8470 1397 
4 4088 2172 843 1289 
5 9812 9953 9476 2781 8114 
6 7648 1612 4524 9597 9550 6207 
3 5178 5204 9577 
2 1615 4329 
6 862 8611 6174 5660 9444 7021 
7 6751 8112 1685 6704 4407 1990 1864 
6 1788 2074 852 2523 2481 7471 
2 8643 7215 
4 9890 5384 3760 3810 
6 8095 9971 9438 7805 3120 6576 
5 6856 9069 5615 3529 3143 
4 7706 6647 9330 75 
7 9267 8245 3676 8953 9786 7533 969 
6 5952 8031 2987 9225 1551 7527 
3 5875 6442 202 
4 5874 9071 4871 7652 
3 369 5544 9556 
3 45 4419 1363 
5 9214 2361 6169 5002 8887 
6 354 2376 5491 6810 6159 6511 
4 2948 5179 3751 6216 
5 7625 1256 6417 6913 6051 
4 6568 2976 7315 7417 
4 4401 9369 2063 2678 
5 3473 6555 7478 4585 5666 
3 4731 212 6952 
4 4075 7094 3157 647 
7 5440 1054 8243 4367 2306 5240 2507 
9 2379 8138 1569 9348 3328 4237 4418 7066 2561 
3 5507 1946 722 
7 9439 3402 6999 8361 4569 5361 3570 
